field stand look
kid room dance
pet couch cat
climb side building
talk climb wall
snow car drive
phone talk wear
rink hockey team
surf ocean + surf ocean

The following is an example of a surfer surfing the surf ocean:

1 2 3 4 5 6 7 8 9 10 11 12 13 14 15 16 17 18 19 20 21 22 23 24 25 26 27 28 29 30 31 32 33 34 35 36 37 38 39 40 41 42 43 44 45 46 47 48 49 50 51 52 53 54 55 56 57 58 59 60 61 62 63 64 65 66 67 68 69 70 71 72 73 74 75 76 77 78 79 80 81 82 83 84 85 86 87 88 89 90 91 92 93 94 95 96 97 98 99 100 101 102 103 104 105 106 107 108 109 110 111 112 113 114 115 116 117 118 119 120 121 122 123 124 125 126 127 128 129 130 131 132 133 134 135 136 137 138 139 140 141 142 143 144 145 146 147 148 149 150 151 152 153 154 155 156 157 158 159 160 161 162 163 164 165 166 167 168 169 170 171 172 173 174 175 176 177 178 179 180 181 182 183 184 185 186 187 188 189 190 191 192 193 194 195 196 197 198 199 200 201 202 203 204 205 206 207 208 209 210 211 212 213 214 215 216 217 218 219 220 221 222 223 224 225 226 227 228 229 230 231 232 233 234 235 236 237 238 239 240 241 242 243 244 245 246 247 248 249 250 251 252 253 254 255 256 257 258 259 260 261 262 263 264 265 266 267 268 269 270 271 272 273 274 275 276 277 278 279 280 281 282 283 284 285 286 287 288 289 290 291 292 293 294 295 296 297 298 299 300 301 302 303 304 305 306 307 308 309 310 311 312 313 314 315 316 317 318 319 320 321 322 323 324 325 326 327 328 329 330 331 332 333 334 335 336 337 338 339 340 341 342 343 344 345 346 347 348 349 350 351 352 353 354 355 356 357 358 359 360 361 362 363 364 365 366 367 368 369 370 371 372 373 374 375 376 377 378 379 380 381 382 383 384 385 386 387 388 389 390 391 392 393 394 395 396 397 398 399 400 401 402 403 404 405 406 407 408 409 410 411 412 413 414 415 416 417 418 419 420 421 422 423 424 425 426 427 428 429 430 431 432 433 434 435 436 437 438 439 440 441 442 443 444 445 446 447 448 449 450 451 452 453 454 455 456 457 458 459 460 461 462 463 464 465 466 467 468 469 470 471 472 473 474 475 476 477 478 479 480 481 482 483 484 485 486 487 488 489 490 491 492 493 494 495 496 497 498 499 500 501 502 503 504 505 506 507 508 509 510 511 512 513 514 515 516 517 518 519 520 521 522 523 524 525 526 527 528 529 530 531 532 533 534 535 536 537 538 539 540 541 542 543 544 545 546 547 548 549 550 551 552 553 554 555 556 557 558 559 560 561 562 563 564 565 566 567 568 569 570 571 572 573 574 575 576 577 578 579 580 581 582 583 584 585 586 587 588 589 590 591 592 593 594 595 596 597 598 599 600 601 602
flight stair jump
band instrument music
circle talk sit
eye look move
watch window look
run athlete prepare
gear wear walk
give stage speech
hand soap rub
front wave hand
1,000 yards

1,000 yard yard lawn mow

2.
(x, y) * (x + y)

The following example shows how to create a wheel from a single piece of clay and add it to the pottery.
hold sofa sit
sit hold newspaper
look sit hair
mountain equipment climb
stare space sit
ball kick head
costume dancer stage
pocket stand hand
floor sit cat
arm stretch sit
look lie bed
wall watch stand
meal eat prepare
ball time bounce
style hair cut
street walk leash
pool kid slide
hand stand wash
graffiti wall spray
street car side
ride walk dog
wood ride trail
wood cut knife
cat clip hold
swimmer

The term "swimming lane" is used to refer to the area where a swimmer swims.
1

The following is a list of the most common ways to get a blower that can be used to blow a hole in a rock, or to blow up a pile of rocks.
stand wall paint
ball throw fall
boat side stand
ground jump fall
(1 - mat) + (1 + mat)

If the number of mat flips in a gymnast is less than or equal to mat flips, then the gymnast will be disqualified.
pitcher pitch ball
1

(1) The wheelie wheelie is a toy that is used by a child to ride on or around the toy.
listen music street
walk wear grass
hand hold watch
ball hit floor
kitchen dough roll
gun point head
boat water dock
microphone sing stage
stop picture take
costume instrument dress
kick run grass
player game score
cross street watch
bed foot sit
hold close mouth
building rope climb
watch headphone wear
student class watch
1 jump  2 jump  3 jump  4 jump  5 jump  6 jump  7 jump  8 jump  9 jump  10 jump

The above example shows how to use a Trampoline Jump to jump from a car to a house.
sock foot put
eat cream spoon
boat sail day
take part class
spoon bowl mix
knife hold hand
lane swimmer race
give sit chair
1

(1) If the racket hits a birdie, then the birdie is hit by the racket.
fix bike tire
1/2"

The pierce is the diameter of the needle.
climb gear wall
music ride bike
perform dance dress
smoke cigarette car
fold chest arm
walk top dog
bubble toy blow
friend cut hair
wash dish help
give audience speech
music treadmill run
stand kitchen hold
air

If you want to ride a bike with the right gear you have to use your hands.
(a) the dog eats the house dog, (b.
female dance male.
hair comb

If you want to use a hair comb, you need to know how to use it.
1

(1) A horse may not wear a helmet unless it has been worn for at least one year.
1/3 of the length of the boat.
1

The ball team hits  1 The ball team misses  1
"I'm going to hand you a piece of paper holding your hand.
1 bar  2 bar  3 bar  4 bar  5 bar  6

The first bar represents the distance from the poles to the pole bar.
Open the door with your left hand.
"No bedding"

If you wear a dress shirt, you can wear it on your head.
lady makeup

(1) apply lady lipstick  lady lipstick
pour a cup of water into a large bowl and pour the beverage into the glass.
1

1 pool diving  1 jump pool  1 dive pool  2

2 pool  3

3 pool  4

4 pool  5

5 pool  6

6 pool  7

7 pool  8

8 pool  9

9 pool  10

10 pool  11

11 pool  12

12 pool  13

13 pool  14

14 pool  15

15 pool  16

16 pool  17

17 pool  18

18 pool  19

19 pool  20

20 pool  21

21 pool  22

22 pool  23

23 pool  24

24 pool  25

25 pool  26

26 pool  27

27 pool  28

28 pool  29

29 pool  30

30 pool  31

31 pool  32

32 pool  33

33 pool  34

34 pool  35

35 pool  36

36 pool  37

37 pool  38

38 pool  39

39 pool  40

40 pool  41

41 pool  42

42 pool  43

43 pool  44

44 pool  45

45 pool  46

46 pool  47

47 pool  48

48 pool  49

49 pool  50

50 pool  51

51 pool  52

52 pool  53

53 pool  54

54 pool  55

55 pool  56

56 pool  57

57 pool  58

58 pool  59

59 pool  60

60 pool  61

61 pool  62

62 pool  63

63 pool  64

64 pool  65

65 pool  66

66 pool  67

67 pool  68

68 pool  69

69 pool  70

70 pool  71

71 pool  72

72 pool  73

73 pool  74

74 pool  75

75 pool  76

76 pool  77

77 pool  78

78 pool  79

79 pool  80

80 pool  81

81 pool  82

82 pool  83

83 pool  84

84 pool  85

85 pool  86

86 pool  87

87 pool  88

88 pool  89

89 pool  90

90 pool  91

91 pool  92

92 pool  93

93 pool  94

94 pool  95

95 pool  96

96 pool  97

97 pool  98

98 pool  99

99 pool  100

100 pool  101

101 pool  102

102 pool  103

103 pool  104

104 pool  105

105 pool  106

106 pool  107

107 pool  108

108 pool  109

109 pool  110

110 pool  111

111 pool  112

112 pool  113

113 pool  114

114 pool  115

115 pool  116

116 pool  117

117 pool  118

118 pool  119

119 pool  120

120 pool  121

121 pool  122

122 pool  123

123 pool  124

124 pool  125

125 pool  126

126 pool
1 mile walk  2 miles walk  3 miles walk

If you want to drive on the street, you need to drive at least 1 mile.
1

The grass stands can be used to hold a number of different types of plants.
road ride cart
race cheer run
table sit guitar
wear work machine
cross street phone
yard ball kid
hair move face
(1/2 of the thickness of the rub face)

The rub face is made of a mixture of a mix of a lotion and water.
stand look boat
"dog sleigh"

(1) "dog" means a small or medium sized animal, such as a dog, dog sled, dog walker, dog dog sledging, dog walking, dog pulling.
leg watch shave
class kid sit
sit stool guitar
street bike sit
game throw football
eat food room
front basketball crowd
face wash bathroom
dress perform stage
machine sit work
dart hit board
head shave side
rock river walk
talk eat restaurant
equipment front stand
carriage horse draw
window brush clean
1/3 of the size of a regular barber's head.
stand watch move
rope face climb
car phone drive
street ride couple
stand sle hill
a player who can dribble basketball.
roll ball kid
float tube river
pool jump stand
game throw pitch
ground snow shovel
stand hold court
kid brush tooth
board flip water
raise jump arm
listen exercise music
mirror room front
car side park
table sit house
1/2" long, 1/4" wide, 2/8" deep, 1" deep at the top of the tricycle and 2" at the bottom of the ride driveway.
run park path
walk street instrument
beach castle sand
stand stick tongue
hill jump ride
arm tattoo sit
picture take camel
knife tomato cut
candle table sit
run dog pull
student teach instructor
rub face sit
ball tennis serve
violin stage stand
a bathtub for your dog.
team player shot
jump lake water
couple swim pool
shirt ball hold
float boat river
boat shore paddle
beer room drink
game engage team
rock skip kid
slide line wait
prepare kitchen dish
runner road jog
eat ('hamburger ','burger ', 1 ) # Add the hamburger to the table.
1

The car sits on the backseat.
ride tree horse
cook kitchen stove
water canoe body
perform stage stage performer.
1 side  2 side  3 side  4 side  5

The first ball is thrown.
0.
(1 + 2) - 1 + 2

If you're going to sit, you have to hold the top of the tree.
1,000,000

The tree plant Dig  1.
cut hair styles.
kid ball

The following is a list of the most common types of child ball tosses.
1,000,000 wood work, wood tools  1.
1 run  2 run  3 run  4 run  5

If you want to jump to the top of a pile jump, you can do this:

jump  1 jump  2 jump  3 jump  4 jump  5 jump  6 jump  7 jump  8 jump  9 jump  10 jump  11 jump  12 jump  13 jump  14 jump  15 jump  16 jump  17 jump  18 jump  19 jump  20 jump  21 jump  22 jump  23 jump  24 jump  25 jump  26 jump  27 jump  28 jump  29 jump  30 jump  31 jump  32 jump  33 jump  34 jump  35 jump  36 jump  37 jump  38 jump  39 jump  40 jump  41 jump  42 jump  43 jump  44 jump  45 jump  46 jump  47 jump  48 jump  49 jump  50 jump  51 jump  52 jump  53 jump  54 jump  55 jump  56 jump  57 jump  58 jump  59 jump  60 jump  61 jump  62 jump  63 jump  64 jump  65 jump  66 jump  67 jump  68 jump  69 jump  70 jump  71 jump  72 jump  73 jump  74 jump  75 jump  76 jump  77 jump  78 jump  79 jump  80 jump  81 jump  82 jump  83 jump  84 jump  85 jump  86 jump  87 jump  88 jump  89 jump  90 jump  91 jump  92 jump  93 jump  94 jump  95 jump  96 jump  97 jump  98 jump  99 jump  100 jump  101 jump  102 jump  103 jump  104 jump  105 jump  106 jump  107 jump  108 jump  109 jump  110 jump  111 jump  112 jump  113 jump  114 jump  115 jump  116 jump  117 jump  118 jump  119 jump  120 jump  121 jump  122 jump  123 jump  124 jump  125 jump  126 jump  127 jump  128 jump  129 jump  130 jump  131 jump  132 jump  133 jump  134 jump  135 jump  136 jump  137 jump  138 jump  139 jump  140 jump  141 jump  142 jump  143 jump  144 jump  145 jump  146 jump  147 jump  148 jump  149 jump  150 jump  151 jump  152 jump  153 jump  154 jump  155 jump  156 jump  157 jump  158 jump  159 jump  160 jump  161 jump  162 jump  163 jump  164 jump  165 jump  166 jump  167 jump  168 jump  169 jump  170 jump  171 jump  172 jump  173 jump  174 jump  175 jump  176 jump  177 jump  178 jump  179 jump  180 jump  181 jump  182 jump  183 jump  184 jump  185 jump  186 jump  187 jump  188 jump  189 jump  190 jump  191 jump  192 jump  193 jump  194 jump  195 jump  196 jump  197 jump  198 jump  199 jump  200 jump  201 jump  202 jump  203 jump  204 jump  205 jump  206 jump  207 jump  208 jump  209 jump  210 jump  211 jump  212 jump  213 jump  214 jump  215 jump  216 jump  217 jump  218 jump  219 jump  220 jump  221 jump  222 jump  223 jump  224 jump  225 jump  226 jump  227 jump  228 jump  229 jump  230 jump  231 jump  232 jump  233 jump  234 jump  235 jump  236 jump  237 jump  238 jump  239 jump  240 jump  241 jump  242 jump  243
(floor - 1) * 1 + 1 + (floor-1) * 2 + 2 + (1 + 1 * (1 - 1 * 2 * 2)) * 2  (2 - 1 + 2) / (floor / 1 + 0) * floor  floor - 1;

Now, if you're going to make a table, and you want it to be a table that sits on a table (or a table with a wall, or even a table in a chair or a chair with a tablecloth, or a table for the back of your hand or your shirt), you need to make it a table.
read + read + write

The following is a simple table paper.
( ( restaurant ) -> ( ( ( menu ) -> table food ) ) ).
1 bow  2 bow  3 bow  4 bow  5 bow  6

If the player is holding shoot bow, the player will be able to shoot the bow.
1

If you're not sure what team to watch, check out the following video of the match:

The crowd watch is a great way to get a feel for the game.
$5,000

$10,000 for women's beach volleyball bikinis.
1/4" x 1/2" and the other half of the wood will hold the hand.
grass stand front
ski snow stand
store item look
talk shake hand
sit room keyboard
cut forest wood
band dance music
dog leash street
stand wait look
hold water dog
bounce ball hit
set restaurant table
1

The first step is to make sure that the air in the jump is not going to get into the lungs.
run water jump
wave ride day
lift weight lady
race run athlete
1

1 street  2

2 street  3

4 skateboard  4 skateboards  4 skates  4 boards  4 wheels  4 blocks  4 mounds  4 feet  4 meters  4 yards  4 miles  4 kilometers  4 years

5 year  5 years  5 middles  5 feet  5 meters  5 yards  5 miles  5 kilometers  6 years  7 years  8 years  9 years  10 years  11 years  12 years  13 years  14 years  15 years  16 years  17 years  18 years  19 years  20 years  21 years  22 years  23 years  24 years  25 years  26 years  27 years  28 years  29 years  30 years  31 years  32 years  33 years  34 years  35 years  36 years  37 years  38 years  39 years  40 years  41 years  42 years  43 years  44 years  45 years  46 years  47 years  48 years  49 years  50 years  51 years  52 years  53 years  54 years  55 years  56 years  57 years  58 years  59 years  60 years  61 years  62 years  63 years  64 years  65 years  66 years  67 years  68 years  69 years  70 years  71 years  72 years  73 years  74 years  75 years  76 years  77 years  78 years  79 years  80 years  81 years  82 years  83 years  84 years  85 years  86 years  87 years  88 years  89 years  90 years  91 years  92 years  93 years  94 years  95 years  96 years  97 years  98 years  99 years  100 years  101 years  102 years  103 years  104 years  105 years  106 years  107 years  108 years  109 years  110 years  111 years  112 years  113 years  114 years  115 years  116 years  117 years  118 years  119 years  120 years  121 years  122 years  123 years  124 years  125 years  126 years  127 years  128 years  129 years  130 years  131 years  132 years  133 years  134 years  135 years  136 years  137 years  138 years  139 years  140 years  141 years  142 years  143 years  144 years  145 years  146 years  147 years  148 years  149 years  150 years  151 years  152 years  153 years  154 years  155 years  156 years  157 years  158 years  159 years  160 years  161 years  162 years  163 years  164 years  165 years  166 years  167 years  168 years  169 years  170 years  171 years  172 years  173 years  174 years  175 years  176 years  177 years  178 years  179 years  180 years  181 years  182 years  183 years  184 years  185 years  186 years  187 years  188 years  189 years  190 years  191 years  192 years  193 years  194 years  195 years  196 years  197 years  198 years  199 years  200 years  201 years  202 years  203 years  204 years  205 years  206 years  207 years  208 years  209 years  210 years  211 years  212 years  213 years  214 years  215 years  216 years  217 years  218 years  219 years  220 years  221 years  222 years  223 years  224 years  225 years  226 years  227 years  228 years  229 years  230 years  231 years  232
kid couple room
room short wear
stage outfit perform
water hold net
front stand fire
park eat dog
gym machine use
front street car
harness wear wall
fix lady hair
room floor stand
beard sit chair
kid walk water
hill ride rider
microphone hold sit
chop log wood
bed lay room
path clear snow
swim ocean diver
paddle river raft
ball throw turn
water fountains  faucettas  fountillas  Fountillant faucets are used for the purpose of running water.
football game watch
gym weight press
swing sit push
hand wash turn
mother sit chair
wear swim pool
sharpen knife cut
car sleep seat
teach tie shoe
race dog pull
(

"I'm not going to go out and buy a new pair of sunglasses because I want to be able to wear my sunglasses indoors.
hair cut lady
song sing microphone
shuffle card game
stage dance outfit
shoe wear short
stand ground sit
blow smoke sit
sit guitar wear
potato peel bowl
walk talk kid
paint worker wall
ground watch sit
sit bed book
talk player field
cliff top climb
goal field score
brush shoe scrub
smile sit hold
sit table side
hold cup talk
kid swing park
watch music perform
look distance stand
(1 + (1 - drap) / 2) + (2 + (3 - (4 - 3)))

This means that if you have two drape, you can have one drap and one shoulder and one side of the body.
cheer crowd performance
audience stage guitar
kid court ball
kid dance stage
crowd front compete
rock river cross
game shot player
watch stand hold
gear wear weld
{

" name " : " surfer oceans " } ;

} catch surfisher ocean
boat carry water
give presentation room
plaster wall apply
"I'm the only one who knows how to play guitar" "I know how to make a guitar sound like I'm singing, but I can't make it sound like it's a singe shirt.
roll ground ball
picture lady paint
crowd player game
kid shirt look
stand shore water
sit bag table
lay bed blanket
kitchen cut knife
technique demonstrate talk
slice board cut
throw ball fetch
laugh bike ride
hockey game player
sit television room
stand tree watch
cover face sit
field run hockey
give kiss hug
"I'm not sure what you're doing, but you're not the only one who's doing it, and that's why you're the one that's going to be the first one out there."

I was in the audience, I was in front of them, they were all singing and singing and singing and singeing.
climb stand wall
shake watch head
perform dance competition
raft water body
stand front background
baseball field kid
put hand head
look house window
hold walk room
bubble blow wand
drill piece wood
court ball pass
"I'm not a singer, I'm just a songwriter"

"I'm a singer and I'm a song writer, so I'm not trying to be a singe singer.
turn ball hit
catch fish pole
work car garage
cut meat kitchen
stand wave ride
head shake walk
crowd hand + clap hand.
move boat water
hold glass beer
slide door open
sit bed look
window car look
watch jump crowd
sleep couch lay
hold table stand
hoop shoot court
ladder kid climb
pour concrete truck
0,0,0 scooter road  0,-0,-0,1 scooter lane  0 scooter curb  0 skidway  1 scooter crosswalk  0 skateboard  0 stroller  1 stroller crossroads  0 sidewalk  0 pedestrian  1 streetcars  1 sidewalk cars  0 streetcars driving  1 driving  2 driving  3 driving  4 driving  5 driving  6 driving  7 driving  8 driving  9 driving  10 driving  11 driving  12 driving  13 driving  14 driving  15 driving  16 driving  17 driving  18 driving  19 driving  20 driving  21 driving  22 driving  23 driving  24 driving  25 driving  26 driving  27 driving  28 driving  29 driving  30 driving  31 driving  32 driving  33 driving  34 driving  35 driving  36 driving  37 driving  38 driving  39 driving  40 driving  41 driving  42 driving  43 driving  44 driving  45 driving  46 driving  47 driving  48 driving  49 driving  50 driving  51 driving  52 driving  53 driving  54 driving  55 driving  56 driving  57 driving  58 driving  59 driving  60 driving  61 driving  62 driving  63 driving  64 driving  65 driving  66 driving  67 driving  68 driving  69 driving  70 driving  71 driving  72 driving  73 driving  74 driving  75 driving  76 driving  77 driving  78 driving  79 driving  80 driving  81 driving  82 driving  83 driving  84 driving  85 driving  86 driving  87 driving  88 driving  89 driving  90 driving  91 driving  92 driving  93 driving  94 driving  95 driving  96 driving  97 driving  98 driving  99 driving  100 driving  101 driving  102 driving  103 driving  104 driving  105 driving  106 driving  107 driving  108 driving  109 driving  110 driving  111 driving  112 driving  113 driving  114 driving  115 driving  116 driving  117 driving  118 driving  119 driving  120 driving  121 driving  122 driving  123 driving  124 driving  125 driving  126 driving  127 driving  128 driving  129 driving  130 driving  131 driving  132 driving  133 driving  134 driving  135 driving  136 driving  137 driving  138 driving  139 driving  140 driving  141 driving  142 driving  143 driving  144 driving  145 driving  146 driving  147 driving  148 driving  149 driving  150 driving  151 driving  152 driving  153 driving  154 driving  155 driving  156 driving  157 driving  158 driving  159 driving  160 driving  161 driving  162 driving  163 driving  164 driving  165 driving  166 driving  167 driving  168 driving  169 driving  170 driving  171 driving  172 driving  173 driving  174 driving  175 driving  176 driving  177 driving  178 driving  179 driving  180 driving  181 driving  182 driving  183 driving  184 driving  185 driving  186 driving  187 driving  188 driving  189 driving  190 driving  191 driving  192 driving  193 driving  194 driving  195 driving  196 driving  197 driving  198 driving  199 driving  200 driving  201 driving  202 driving  203 driving  204 driving  205 driving  206 driving  207 driving  208 driving  209 driving  210 driving  211 driving  212 driving  213 driving  214 driving  215 driving  216 driving  217 driving  218 driving  219 driving  220 driving  221 driving  222 driving  223 driving  224 driving  225 driving  226 driving  227 driving  228 driving  229 driving  230 driving  231 driving  232
player puck pass
teammate throw ball
fix mirror hair
body front water
(1 - lasso) + (2 - calf)

So, if you want to make your own lasso with the same width and thickness as the lasso used on the other lasso (the ones you use for your lasso and those used for the other cowboys), you'll need to use the same lasso as the one used on your cowboys.
front dance lady
paint picture paint
slide hill kid
direct traffic policeman
look tree climb
time ride horse
listen talk sit
toddler eat chair
stop street car
climb rope waterfall
routine team perform
wear tie shirt
board ride fall
river ride horse
sit lap toddler
car hose wash
floor leg sit
hand arm raise
weld spark fly
wear head shirt
fold stand hand
0 for skater in skaters: print "You're performing a skater routine.
sit floor chair
bull crowd ride
prepare race run
take game part
baseball field team
book toddler look
phone walk hold
hat wear drive
tool piece cut
pool suit swim
sit plate food
kitchen cook pan
blow torch  blow cupcake candle.
ball game gym
1 ball  2 ball  3 ball  4 ball  5 golfer hole ball  6 ball  7 ball  8 ball  9 ball  10 ball  11 ball  12 ball  13 ball  14 ball  15 ball  16 ball  17 ball  18 ball  19 ball  20 ball  21 ball  22 ball  23 ball  24 ball  25 ball  26 ball  27 ball  28 ball  29 ball  30 ball  31 ball  32 ball  33 ball  34 ball  35 ball  36 ball  37 ball  38 ball  39 ball  40 ball  41 ball  42 ball  43 ball  44 ball  45 ball  46 ball  47 ball  48 ball  49 ball  50 ball  51 ball  52 ball  53 ball  54 ball  55 ball  56 ball  57 ball  58 ball  59 ball  60 ball  61 ball  62 ball  63 ball  64 ball  65 ball  66 ball  67 ball  68 ball  69 ball  70 ball  71 ball  72 ball  73 ball  74 ball  75 ball  76 ball  77 ball  78 ball  79 ball  80 ball  81 ball  82 ball  83 ball  84 ball  85 ball  86 ball  87 ball  88 ball  89 ball  90 ball  91 ball  92 ball  93 ball  94 ball  95 ball  96 ball  97 ball  98 ball  99 ball  100 ball 

Loading... Loading...

Quotes are not sourced from all markets and may be delayed up to 20 minutes.
snow street cover
routine mat perform
eat front food
stage costume stand
1/3 of the surfboard wave water.
1 hill  2 hill  3 hill  4 hill  5 hill  6 hill  7 hill  8 hill  9 hill  10 hills  11

Note: If you are riding a scooter, you may need to adjust the height of the hill.
body bridge water
shoe pair hold
river bike ride
new Talk ();

if (! talk ) return ;

}

// We can also add a decorator that will be used when we want to decorate the current state of the tree.
guitar sit watch
kitchen table sit
ride wear vehicle
plate spaghetti eat
sit suit tie
ocean wear suit
stair flight climb
hill sle pull
highchair feed sit
(1) The frisbearer, frisbarer, or the fris-bearer of the Frisbee, is a person who holds a dog.
stand sing stage
trim ladder hedge
horse top sit
mountain ride snowmobile
duck swim lake
cheer crowd event
hold shirt bottle
gear wear skate
stand car hold
push kid swing
dance street costume
cake front sit
car front building
street march instrument
stand sit watch
portrait paint artist
run pick ball
swimsuit(max_pool_size, max_pool, pool_size + pool_max_size); // swimsuit is not needed to be able to jump.
"I'm not going to be able to sit down and talk to you, I'm going to have to eat a bunch of vegetables, and donuts.
ski slope jump
window lean look
smoke cigarette smile
new skateboard_park_trap(); trick  (new skateboard ) park.
snow lot shovel
sit read room
cliff jump top
wait couple line
dress wear shoe
swim hand hold
talk stand tree
water carry board
branch tree stand
catch hole fish
edge pool jump
alley bowl ball
1 mile

1 mile bike ride  2 miles

2 miles bike ride + bicycle + sidewalk  2.
rock pond throw
snow car park
1

The first thing to note is that the ball will bounce head.
new Bottle();

}

return sip;

});

public void take bottle () {

if (drink.
1 slope  2

The slope is the slope of the bike that you want to ride.
1,000,000

Damage to ground hit falls  0.
1 goal scored  1

The scoring goal ball is a ball that can be used to score a goal.
toy hand

If the toy hand is held in the same position as the hand that is holding the toy, then the toy will be placed in the correct position.
"1"

The microphone can be used to listen to the audio of the talk, or it can be placed anywhere on the stage.
card_dealer table_card  dealer.
leash leash dog is a dog that walks on leash.
1

(1) If running the same number of plays in the same game as the number of times in the game that a player has scored a point in each of his first three games of basketball.
fish catch rivers.
1,1,1 rope stand distance  1 rope walk distance  0.
1 ball  2 ball  3 ball  4 ball  5

The following table lists all of the pitchers that were allowed to catch the ball.
1

1 stand side  2

2 stand back  3

3 stand back + 2  4

4 stand side

5 stand back

6 stand sides

7 stand backs

8 stand sides (left, right, left, and right)

9 stand sides in the center

10 stand sides out the top

11 stand back in the middle

12 stand sides up the left

13 Stand sides out from the right

14 Stand back from the bottom of the wall, or in the corner

20 stand sides from the left, or out the bottom, or up the middle, or left the top, or front of a wall or in a wall with a large or large amount of water, or from a pool.
"You're going to have to put your head down and take your eyes off the glass.
0,0,0; } else { drive  0; } } }

We can see that the car is in a state that is not being driven.
ball throw toddler
0

if field  " " :

return

for field in ( " ", " : " ) do

field  " / " + field + " /

" if (field  field) do


if fields[ 0 ]  " :


print ( " You are now a member of the cheerleading cheerleaders field perform.
house look walk
floor clean worker
catch throw air
shirt hold stick
eat burger table
1

2

3

4

5

6


1

The chair is set up to allow a person to sit on the chair.
"I love you" cheerleading  "We love you cheerleader"

In the video below, the crowd cheerleaders perform cheerleading.
ball toss air
1/3 of the total water volume of the surfboard.
book lap read
eye put lady
leave blow lawn
band front stand
wear walk costume
kid motorcycle ride
horse cow lasso
sit stand grass
1/2 cup of water wash  2 cups of water Faucet Cleaner  1 cup of bleach Faucets Cleaner is a hand-washable cleaning solution.
ride area road
swing playground kid
car spray water
garment machine sew
come ball hit
smile sit talk
top horse ride
open present family
sing bar song
stand umbrella street hold
wall brick mortar build
machine sew thread put
bar pour glass beer
1

The fall of the wave board is called a "fall of the surfboard".

A surfboard falls when it is pushed by a surfer.
front stand hand hold
wash face towel dry
walk bicycle ride street
1/2 bathtub tub bath  1 bathtub

The dog is given a bathtub.
bat player hit baseball
worker smooth pour concrete
routine jump rope perform
throw run ball court
crowd dance front stage
window building suspend clean
sink stand wash dish
hit field stick ball
sit drink bar beer
goal team score player
knife piece wood throw
wait owner come dog
kick field football goal
hair stand mirror front
lift weight listen music
hand card shuffle deck
stand direct middle traffic
hand hold piece paper
sit eat cream bench
climb side mountain rope
lane pin roll ball
put contact lens eye
paint stand wall ladder
use curl hair iron
apple peeler peeler drill peel.
body water walk dog
wood carving chiseled hammer  chisel chisel hammer  hammer chisel axe  axe chisel dagger  dagger chisel sword  sword chisel shovel  shovel chisel piece  piece chisel plate  plate chisel pipe  pipe chisel rope  rope chisel tin  tin chisel tarp  tarp chisel torch  torch chisel wire  wire chisel steel  steel chisel iron  iron chisel obsidian  obsidian chisel silver  silver chisel gold  gold chisel platinum  platinum chisel purple  purple chisel red  red chisel yellow  yellow chisel green  green chisel blue  blue chisel gray  gray chisel white  white chisel black  black chisel brown  brown chisel orange  orange chisel pink  pink chisel purplish  purplished chisel turquoise  turquish chisel violet  violet chisel golden  golden chisel bronze  bronze chisel copper  copper chisel diamond  diamond chisel granite  granite chisel stone  stone chisel sand  sand chisel water  water chisel wood  wood chisel metal  metal chisel wooden  wooden chisel glass  glass chisel paper  paper chisel table  table chisel wall  wall chisel floor  floor chisel door  door chisel window  window chisel windmill  windmill chisel furnace  furnace chisel forge  forge chisel hoe  hoe chisel hook  hook chisel knife  knife chisel mace  mace chisel pike  pike chisel pole  pole chisel spear  spear chisel rapier  rapier chisel saber  saber chisel sledgehammer  sledgehammers chisel scimitar  scimitars chisel stiletto  stilettos chisel thresher  threshers chisel vase  vase chisel wick  wick chisel blade  blade chisel staff  staff chisel whip  whip chisel crossbow  crossbow chisel bow  bow chisel shield  shield chisel hat  hat chisel helmet  helmet chisel boots  boots chisel chainmail  chainmail chisel chainsaw  chainsaw chisel crowbar  crowbar chisel cauldron  cauldron chisel firewood  firewood chisel coal  coal chisel cobalt  cobalt chisel brass  brass chisel crystal  crystal chisel chestplate  chestplate chisel helm  helm chisel shortsword  shortsword chisel flail  flail chisel gauntlet  gauntlet chisel handaxe  handaxe chisel halberd  halberds chisel jade  jade chisel javelin  javelins chisel katana  katana chisel lance  lance chisel sling  sling chisel longsword  longswords chisel machette  machetters chisel musket  musket chisel rifle  rifle chisel pistol  pistol chisel revolver  revolver chisel quiver  quiver chisel rocket  rocket chisel shard  shard chisel sapling  sapling chisel sack  sack chisel spade  spades chisel spoon  spoon chisel stick  stick chisel spike  spike chisel string  string chisel tube  tube chisel tubular  tubular chisel barrel  barrel chisel bucket  bucket chisel bowl  bowl chisel cupboard  cupboard chisel chair  chair chisel bed  bed chisel desk  desk chisel bench  bench chisel clock  clock chisel lamp  lamp chisel mirror  mirror chisel shelf  shelf chisel stool
player team walk field
horse rodeo cowboy ride.
rip piece paper laugh
table sit newspaper read
run goal field score
wear picture shirt take
car side park street
1

2) If you have a ballstand, you can use it to juggle the ball stand.
shirt short stand wear
front sit sew machine
watch crowd ride horse
weight lady gym lift
hurdle athlete track run
0

The following example demonstrates how to perform a window clean using a window cleaner.
1 cup of watermelon eating  1 piece of watermelons sitting  1.
table drink wine sit
horse ride area fence
paper take fold piece
couch balloon blow sit
toy hand chair sit
shirt cardboard piece fold
trick perform front crowd
stand snow look dog
horse hat ride wear
( toothbrush ) ; // Use toothbrush toothbrush [ brush ].
brush brush use hair
dance crowd perform watch
hose water dog spray
1

(1) If the floor fold is less than 1, then it is not a clothe.
use machine peel apple
hold continue dance pose
lane pool cheer swim
board pool kid jump
puzzle table put sit
hand ball court bounce
jump cliff water watch
station car pump gas
food feed spoon eat
desert ride camel walk
walk umbrella hold rain
dance couple music floor
sit bench water body
hold floor broom sweep
hold break wood piece
river catch fish net
sit talk bench phone
1,000,000 m/s

1/2 mile track race ride mower

2.
hold field dog stand
court racket stand hold
hair wax remove leg
grape stand smash foot
alley throw ball lane
pool slide slide water
jacket snow walk wear
wear run dog grass
(1) A skateboard that is designed to be ridden on the road.
hole sand beach dig
apply mascara eyelid apply  mascara eyelids apply  make mascara eyelashes apply  eyelashes eyelids eyelids lash lash apply  lash eyelashes lash lash lashes lash lash lash mascara lash lash eyelash mascara lash eyelid lash lash brush lash lash lather lash lash eye lash eyelade lash lash nail apply lash lash lip eyelash nail lash eyelide nail lash lash liner lash lip liner lash eyelatch lash eyeliner eyelid eyelade lather lather eyelid lather lip eyelade lip eyelid lip lash lash lid lid lid eyelide lather lid eyelash eyelid nail lash lid eyelade lid eyeland eyelade eyelash lash lash li'l lather li',l'l,l'n l'n'r l'l n'r'r n'l r'n r'l' r'r r's rn rr rr's nrr rn's

The above formula is a great way to apply mascara lashes.
hair that's been dried dry and dryer than the lady's hair.
field air jump dog
lie massage leg table
hand cross street hold
fill bottle machine liquid
dog kitten  kite kite dog  kitten kite cat  cat kite kitten  kitten kite puppy  puppy kite rabbit  rabbit kite snake  snake kite rat  rat kite turtle  turtle kite wolf  wolf kite tiger  tiger kite

The kite can also be used in conjunction with a kite to fly or a dog to run or a bird to take a picture or a cat to watch.
win team celebrate game
motorcycle ride road helmet
gear swim water wear
outfit wear perform stage
hand massage toe foot
hold mouth leash dog
street night car push
eat bird food hand
game player team watch
run track watch pit
apple tree bag pick
1,2,3,4,5,6,7,8,9,10

If you're not familiar with blow, it's when you leave a blow pile.
hand clap  hand  clap clap stand  stand stand  standing stand  seated stand  sitting standing  sitting sit  sitting sat  sitting seated  sitting

This will allow you to use your hands to push the floor.
1/4 cup of milk  1 egg yolk  1 cup of water  2 eggs  2 yolk

I have a bottle that I use to suck the egg.
run hit base baseball
take break bench sit
pull boat rope hold
wood piece hole drill
(1)

The wave ride is the most common type of surfboard surfboard.
instruction knife sharpen give
picture take bride groom
blow chew gum bubble
sit rest hand head
wear shirt sit table
chair wax sit leg
iron shirt board iron
ice fish hole pull
cereal eat bowl table
laugh friend tell joke
foot priest wash ceremony
ride perform trick skateboard
brush clean toilet use
goalie team shot block
1 block  1

The block that was used to cut the ice block was cut into 2 pieces.
run track chase dog
"I'm wearing a shirt microphone singing singe!"
kid knife throw pumpkin
kid street bike ride
picture tourist building take
floor piece sit paper
1,2,3,4,5,6

(1)

The barbell is placed on the barbell and the head lifts barbell to the top of the ground.
arrow target shoot bow
tool wood piece carve
ball throw knock pin
leg lay table wax
balloon blow hat wear
routine dance perform front
snow sle pull dog
kite flying field + kite running field.
watch television sit couch
wall board throw dart
piece write pencil paper
ball goal player kick
trim use razor beard
ball bat hold throw
tie give instruction tie
hair wash sink lay
sit wear bench hat
ball hand roll arm
room music dance listen
building sit front bench
top cut pumpkin knife
stop cross street car
park dog sit bench.
0; // uniform is worn for every player on the field run.
chess piece -> move piece game.
1/2" diameter, and the ball is placed in front of the centerline of the dog's legs.
ride car  ride train  ride carriage  ride boat  ride ship  ride vessel  ride dog  ride animal  rode animal  riding animal  ride vehicle  ride truck  ride trailer  riding vehicle  riding dog  riding car  riding train  riding carriage  rode car  rode vehicle  rode train  rode ship  rode boat  riding vessel  rode horse

The following table shows the number of horses in each category.
get a snowball throw kids snow.
fold

The above code is a simple way to demonstrate how to fold a shirt.
cat  pet  pet

If your cat is laying on your bed, you may want to take a look at the following table to see if your cat has fallen asleep.
1,000 feet fence  2,500 feet

The number of times a horse rider jumps a fence has increased by 1.
use lock pick  lock tool  lock pick.
water rock

Water rock body is a rock that can stand water.
Table family is where you can sit and enjoy the table family.
The walk-up stage will be available to everyone who accepts the award.
sit in a chair with your feet in the washing machine.
rope climb tree  tree attach tree.
(1 - stand cross) / (2 - cross cross);

if ( wait > 0 ) { // wait in the middle of the street.
wing duck flap water
beach watch crowd volleyball
dog walk take owner
throw stand ball distance
wear sit helmet motorcycle
throw_catch_ball_catch ( mitt ); } } }

The above code will throw the catch ball at a baseball.
wheel potter's pottery work piece.
shoe tie demonstrate lace
skip water body stone
chair shoe shine sit
dance costume stage perform
watch hurdle jump track
wait sit bench bus
dog run stick carry
ball chase team field
eat food dog bowl
look take cigarette puff
sit shoe floor tie
ladder hedge trim top
hold shovel stand snow
look mirror face shave
prepare uniform ball kick
ski water ride body
wave gather street flag
dog water collar wear
field player run game
skip throw rock water
target throw axis wall
building side graffiti paint
1 ear chair  1 chair  2 sitting  1 sitting  2 chair  3 sitting  3 chair  4 sitting  4 sit  4 sat  4

(1) The number of times a person has been in the presence of a person who has been described in the literature as having a history of depression.
ride rope horse calf
doctor surgery patient perform
ball spin rope attach
take ball hit turn
wear climb wall shirt
book shirt read wear
ear talk phone hold
wear glove pierce ear
chair sit pop balloon
axe target throw hit
cheer crowd team goal
run field field frisk  run frisk friskie  run dog friskies  run Frisbee Friskies Friskie frisky  run dogs Frisky friskz  run FRisky Friskz friskyy  run Dogs FriskY FriskZ Friskyyyyyyy  Run Frisie Frisies Frisy Frisz Frissie Frissy Frissz frissyz  Run frissies Frissies frissz  Frisses Frisss Frissys frisssz  Running Frisys Frisszes Frissze frisszes frissze  Running frisys friszes frisze  Friszes Friszy Frisszy frisszy  Frisson Frisson frissonz Frissonzy frissonzyz  Runs Frissonzes Frissonze frissonzes frissonzez  frisses frissons Frissons frissonsy Frissonsy frissony Frissony frissonyz Frissonyz frissonzo Frissonzo frissonza Frissonza frissonzb Frissonzb frissonbz frissonba Frissonba frissonbc Frissonbc frissonbd Frissonbd frissonbe Frissonbe frissonbf Frissonbf frissonbg Frissonbg frissonbh Frissonbh frissonbi Frissonbi frissonbs Frissonbs frissonbr Frissonbr frissonbt Frissonbt frissonbm Frissonbm frissonbo Frissonbo frissonbp Frissonbp frissonbb Frissonbb frissonbl Frissonbl frissonbn Frissonbn frissoncn Frissoncn frissoncr Frissoncr frissoncl Frissoncl frissoncc Frissoncc frissonct Frissonct frissond Frissond frissondb Frissondb frissondc Frissondc frissondd Frissondd frissonde Frissonde frissondf Frissondf frissone Frissone frissonf Frissonf frissong Frissong frissonh Frissonh frissoni Frissoni frissonj Frissonj frissonk Frissonk frissonl Frissonl frissonm Frissonm frissonn Frissonn frissono Frissono frissonp Frissonp frissonq Frissonq frissonr Frissonr frissonrl Frissonrl frissonrm Frissonrm frissonrf Frissonrf frissonrt Frissonrt frissonru Frissonru frissonrd Frissonrd frissonrn Frissonrn frissonss Frissonss frissonst Frissonst frissont Frissont frissonu Frissonu frissonuv Frissonuv frissonw Frissonw frissonx Frissonx frissonxi Frissonxi frissonxt Frissonxt frissonxx Frissonxx frissonxy Frissonxy frissonyy Frissonyy frissonzz Frissonzz frissonyd Frissonyd frissonyl Frissonyl frissonym Frissonym frissonyp Frissonyp frissonys Frissonys frissonyt Frissonyt frissonyu Frissonyu frissonyx Frissonyx frissonyi Frissonyi frissonya Frissonya frissonye Frissonye frissonyo Frissonyo frissonyk Frissonyk frissonyg Frissonyg frissongh Frissongh frissonge Frissonge frissongy Frissongy frissonho Frissonho frissonhs Frissonhs frissonhu Frissonhu frissonhy Frissonhy frissonih Frissonih frissonij Frissonij frissonji Frissonji frissonjj Frisson
brush blow hair dry
sit couch chip eat
scrub shoe brush use
podium give speech stand
cut bride cake groom
table pumpkin carve sit
table_card ( table_name, name, card_name )

# If the card is not a table, then it is not allowed to have any other card in the deck, but it will still be allowed to be a deck, so it can't be used in a deck that is not already decked, so this is a better way to deal with it.
eat hand hold  hold hand sit

This is a simple and easy way to make spaghetti.
new StreetWalk();

}

return cart;

});

public void push (Street walk ) {

if (walk.
1 flash  2 flash  3 flash  4 flash  5 flash  6 flash  7 flash  8 flash  9 flash  100 flash 

This example shows how to set up a flash to perform a light pulse.
1,2,3,4,5,6

(1) If a flag is held in the street walk, it must be held at the same time as the flag.
new Paper( " paper ", " box wrap paper " ) print ( " table.
piece cut wood  piece sawed lumber.
new TreeWorker ( ) ; treeWorker  new BranchWorker () ; worker  worker.
Tap the pen to the top of the bar, then tap the bottom of the table.
water that can be used to feed the fish

If a fish catches a pull pull fish, it will be fed water.
1 hour run  2 hours run  3 hours run

The dog water runs were not a good idea for the people of the area who had to go to the beach.
1

The team shake team is the number of players on the team line that you can shake with your hands.
game ball catch ball ball player.
1,000 people in the street walk group  2,000 in the marching band.
glove box hit  glove bag.
bike rear  bike front

If you want to ride your bike in front of a building, you need to be able to see it.
instruction fold give paper
wear ball shirt kick
hand hold pool jump
take shot sit table
throw fetch dog stick
"I love you, I love you"  "Oh no, I can't believe you're wearing a lady's dress!"  "Well I guess I'll just have to sit down and listen to you sing a little bit of your own song!"

The first time I heard her sing a bit of her own song she sang it like she was trying to sing her own version of the "I Love You," which is kind of like the first time she's ever been able to sing a version of that and then she sang the whole "Oh yeah I can do that, it's my first time singing a song like that" part, and then I heard that she's actually singing the part where she's singing the whole chorus of the chorus and she sings the whole part with a bit more of a "Hey, you're singing a little part that's not really a part of the original, you know, it sounds like a little piece of a piece of an old-fashioned, old fashioned piece of old fashioned, oldfashioned old fashioned oldfashioned piece of Old fashioned old fashioned Old fashioned Old

She's singing this little song that is really just like a kind of a little, a little sunglass song.
1 pool  1 swim  2 pool  2 goggle swimming  4 pool  4 goggle wearing goggle swim  5 pool  5 swimming  6 pool  6 swimming  7 pool  7 swimming  8 pool  8 swimming  9 pool  9 swimming  10 pool  10 swimming  11 pool  11 swimming  12 pool  12 swimming  13 pool  13 swimming  14 pool  14 swimming  15 pool  15 swimming  16 pool  16 swimming  17 pool  17 swimming  18 pool  18 swimming  19 pool  19 swimming  20 pool  20 swimming  21 pool  21 swimming  22 pool  22 swimming  23 pool  23 swimming  24 pool  24 swimming  25 pool  25 swimming  26 pool  26 swimming  27 pool  27 swimming  28 pool  28 swimming  29 pool  29 swimming  30 pool  30 swimming  31 pool  31 swimming  32 pool  32 swimming  33 pool  33 swimming  34 pool  34 swimming  35 pool  35 swimming  36 pool  36 swimming  37 pool  37 swimming  38 pool  38 swimming  39 pool  39 swimming  40 pool  40 swimming  41 pool  41 swimming  42 pool  42 swimming  43 pool  43 swimming  44 pool  44 swimming  45 pool  45 swimming  46 pool  46 swimming  47 pool  47 swimming  48 pool  48 swimming  49 pool  49 swimming  50 pool  50 swimming  51 pool  51 swimming  52 pool  52 swimming  53 pool  53 swimming  54 pool  54 swimming  55 pool  55 swimming  56 pool  56 swimming  57 pool  57 swimming  58 pool  58 swimming  59 pool  59 swimming  60 pool  60 swimming  61 pool  61 swimming  62 pool  62 swimming  63 pool  63 swimming  64 pool  64 swimming  65 pool  65 swimming  66 pool  66 swimming  67 pool  67 swimming  68 pool  68 swimming  69 pool  69 swimming  70 pool  70 swimming  71 pool  71 swimming  72 pool  72 swimming  73 pool  73 swimming  74 pool  74 swimming  75 pool  75 swimming  76 pool  76 swimming  77 pool  77 swimming  78 pool  78 swimming  79 pool  79 swimming  80 pool  80 swimming  81 pool  81 swimming  82 pool  82 swimming  83 pool  83 swimming  84 pool  84 swimming  85 pool  85 swimming  86 pool  86 swimming  87 pool  87 swimming  88 pool  88 swimming  89 pool  89 swimming  90 pool  90 swimming  91 pool  91 swimming  92 pool  92 swimming  93 pool  93 swimming  94 pool  94 swimming  95 pool  95 swimming  96 pool  96 swimming  97 pool  97 swimming  98 pool  98 swimming  99 pool  99 swimming  100 pool  100 swimming 

Loading... Loading...

Quotes are not sourced from all markets and may be delayed up to 20 minutes.
1 piece of dough roll paper roll pin.
hit ball hit ball

(1) If a ball struck by a stick horse rides hit ball, the ball must be hit by the horse.
1

The worker breaks the lunch eat worker break to work.
talk beer talk  talk talk talk table sit  drink talk table talk  drinks talk table  talk drink talk talk  talks talk table drink talk  talking talk talk

The table sit and drink talk are the same thing.
Dog sitting in park bench  Dog walking bench.
eat family eat family sat dinner

The following table is a simple example.
cook meat grinder  grinder grinder cook  cook grinder cooking  cook grate  grate grinder heat  hot grill  heat grinder dry  dry grill  dry grinder wet  wet grinder cool  cool grinder dirty  dirty grinder warm  warm grinder dark  dark grinder bright  bright grinder dim  dim grinder dull  dull grinder faint  faint grinder heavy  heavy grinder hard  hard grinder easy  easy grinder long  long grinder short  shorter grinder light  light grinder hot  hot grinder cold  cold grinder dusty  dusty grinder old  old grinder worn  shirt grill  grill grill grinder grate  grill grate grate cook  grate grate cooking  grate cook grate dry  drizzle grate wet  dry grate dry grate dirty  dirt grate dusty  dirt grinder rusty  rusty grinder shiny  shiny grinder small  small grinder medium  medium grinder large  large grinder slow  slow grinder fast  fast grinder quick  quick grinder big  big grinder quiet  quiet grinder loud  loud grinder low  low grinder deep  deep grinder thick  thick grinder soft  soft grinder smooth  smooth grinder thin  thin grinder tall  tall grinder narrow  narrow grinder wide  wide grinder sharp  sharp grinder clear  clear grinder red  red grinder yellow  yellow grinder green  green grinder blue  blue grinder brown  brown grinder gray  gray grinder orange  orange grinder pink  pink grinder purple  purple grinder white  white grinder tan  tan grinder black  black grinder silver  silver grinder gold  gold grinder platinum  platinum grinder ruby  ruby grinder sable  sable grinder spade  spade grinder wicker  wicker grinder wood  wood grinder stone  stone grinder rock  rock grinder sand  sand grinder gravel  gravel grinder snow  snow grinder water  water grinder rain  rain grinder storm  storm grinder wind  wind grinder fire  fire grinder ice  ice grinder lava  lava grinder mud  mud grinder grass  grass grinder swamp  swamp grinder forest  forest grinder desert  desert grinder plains  plains grinder mountains  mountains grinder rivers  rivers grinder forests  forests grinder hills  hills grinder valleys  valleys grinder towns  towns grinder villages  villages grinder roads  roads grinder streets  streets grinder highways  highways grinder tunnels  tunnels grinder sewers  sewers grinder walls  walls grinder doors  doors grinder windows  windows grinder door  door grinder window  window grinder wall  wall grinder floor  floor grinder ceiling  ceiling grinder roof  roof grinder room  room grinder bedroom  bedroom grinder bed  bed grinder couch  couch grinder chair  chair grinder table  table grinder closet  closet grinder desk  desk grinder dresser  dresser grinder lamp  lamp grinder shelf  shelf grinder sofa  sofa grinder stool  stool grinder stove  stove grinder wagon  wagon grinder truck  truck grinder tractor  tractor grinder trailer  trailer grinder sedan  sedan grinder van  van grinder SUV  SUV grinder minivan  minivan grinder car  car grinder cab  cab grinder cabs  cabs grinder cars  cars grinder trucks  trucks grinder trailers  trailers grinder vans  vans grinder pickup  pickup grinder pickups  pickups grinder vehicles  vehicles grinder trunks  trunks grinder
street  house  house + 1

(1) If the person holding the umbrella is not wearing a coat, the person who holds the umbrella must be wearing the coat.
1 brush  2 brush  3 brush  4 tooth  5

The tooth is placed in the bottom of the tooth and is then removed from the front of the sink.
dig tree hole plant ground
base ball hit player run
beach hold walk footprint shoe
air dog throw air ball  air ball catch  ball catch air ball throw  ball throw ball throw air air ball thrown  ball thrown ball throw throw air fly  air fly throw  fly throw air throw air flappy  fly flappy throw air flower  air flower throw  flower throw air flame  fire flame throw  flame throw flame throw flappy flappy flame throw fire flame  flame flame throw flower flame  flower flame throw fly flame  fly flame throw air farts  flames flamethrower  flame frog  flame frogs  flame frisbees  flame farts flame  flames farts fire  flames fire throw flame flame flappy fire  flame fire throw fire flappy fart  flame flap flap flame flame flame fart flame flapper  flame flare flapper flame flare flame flaps  flame flares flaps flame flare flare flare flaps flaps flare flare flares flare flares flares flares flare flap flare flares flap flares flare flare farts flare fart flare flappy flare flappers flare flapping flare flapped flare flare flared flare flares flared flares flare flared flares flares flared flare flare flames flare flare flame flares flare flame flames flare flame flame flare flames flares flare flames flame flare flares flame flares flares flames flare flames flames flare flares flames flares flares fires flare flares fires flares flare fires flare flare fires flares flares flame flames flares flames flame flares flames flames flames flame flames flames flares fires flames flames fires flare flames fires flares flames burns flares flares burns flares burns flare burns flares burn burns burns burns burn burns burn burn burn burns flames burns burns flames flames burns fires burns burns burned burns burns burnt burns burns fires flames burns burn flames burns flames fires burns flames burn burns fires fires burns burn fires burns fires burn burns burned burn burns burnt burn burns burning burns burns flame burns burns burning burn burns flame flames burns burned flames burns burning flames burns burnt flames burns Burns burns burns farts fart fart flapper flapper flare flaper flapper fap flaper fap flame flaper flame fap flare flipper flipper flame flop flop flare flop flame flops flop flares flop farts flap faps fap fap flares fap flames fap fires fap burns flap flames flap fires flap burns fap burn burns flaps faps flare faps flame faps flares faps flames faps fires faps burns faps burn burns flare flames flaps flares flares flops flare flops flame flips flips flare flips flame flip flare flip flip flares flip fips flame fips fips flare fips flares flips fip flips flares fips flames flips flames fips fires fips burn burns fips burns burns flips burns flames flame flame flames flip flames flop flames flops fips flops flames flame floppers flopflop flopper flame flippers flame flippy flippy flare flipper flare flippy flares flippy farts flares flippin flippins flare floppin floppins flare flarefloppin flareflippin flares flareflippy flareflip flareflips flippips flareflops flippops flarefloppers flareflopflops flameflips flamefloppers flameflippy flameflippins flameflip flippippins flipps flipppflop flameflops fizz fizz flare fizz flizz flare flizz fliz flare fliz fliz flame fliz fizz flame flizz flamefliz flameflizz flamefizz flareflizz flarefizz flzz flzz flarefliz flzz fizzflizz flz flz flare flz flame flz fz flare fz flame fz flzz flame fzz flare f
braid

Step 3:

Cut the wire from the shirt to the jean.
pile track run sand jump
hair apply dye stand bathroom
teach student soldier wound treat
ski boat pull hold rope
pitcher batter game throw ball
head drop ground barbell lift
attire wear individual walk hat
swallow front trick perform sword
stage crowd perform front band
climb suit wear mountain look
car street building park walk
bowl food chair eat sit
talk chair hand clap sit
pop chew bubble blow gum
wear help dress  bridal dress  dress bridal gown  bridemaid gown  gown bridal veil  brideslayer veil  veil bridal hair  hair bridelles  hair Bridesmaids dress  dresses

If you are interested in receiving a bridal bouquet, please contact us.
object throw stand river water
grass dog ball mouth run
line car drive street line
protect discuss phone water way
throw ball owner chase dog
gym down pull arm perform
street hand couple walk hold
pipe use wood type discuss
wash hand soap sink water
hold hand deck shuffle card
microphone sing audience sit front
pour oil motorcycle floor sit
hand stand eat table watermelon
blower blow yard use leave
jump bike fall ride ramp
stick laugh say face foot
lane pin ball throw knock
watch concert place take stage
{

" name " : " Frisbees performing in the Frisbee field, and the name of the dog that performs the trick.
cover wear graffiti wall stand
dog mouth water stick hold
drink shirt wear glass beer
cake candle birthday sing blow
drink bottle pour toss bartender
ride phone check break take
apple put bag tree pick
turn ball take net shoot
graphic follow clip number game
wear shirt helmet ride bike
water tap run hand rinse
mask wear paint roller wall
bottle hold machine liquid fill
hand sit hold blow instrument
hold hand lock tool pick
stand flag hold gun shoot
piece paper rip sit laugh
ball dog catch leg stand
ear sit

(1) The pierce mark is a mark on the ear of a person wearing a hat, hat, gloves, or other garment.
cut head chair clapper  cut neck chair clap  cut back chair clatter  cut leg chair chair  cut foot chair  clap chair  head chair  neck chair  leg chair  hand chair  back chair  chair hair chair  satchel clipper clapper clatter clatterclatter  claps clap clapclap  clack clackclack  clang clangclang  clasps clasp claspy claspt clasquat claswax clasx clasy clasz clas1 clas2 clas3 clas4 clas5 clas6 clas7 clas8 clas9 clas10 clas11 clas12 clas13 clas14 clas15 clas16 clas17 clas18 clas19 clas20 clas21 clas22 clas23 clas24 clas25 clas26 clas27 clas28 clas29 clas30 clas31 clas32 clas33 clas34 clas35 clas36 clas37 clas38 clas39 clas40 clas41 clas42 clas43 clas44 clas45 clas46 clas47 clas48 clas49 clas50 clas51 clas52 clas53 clas54 clas55 clas56 clas57 clas58 clas59 clas60 clas61 clas62 clas63 clas64 clas65 clas66 clas67 clas68 clas69 clas70 clas71 clas72 clas73 clas74 clas75 clas76 clas77 clas78 clas79 clas80 clas81 clas82 clas83 clas84 clas85 clas86 clas87 clas88 clas89 clas90 clas91 clas92 clas93 clas94 clas95 clas96 clas97 clas98 clas99 clas100 clas101 clas102 clas103 clas104 clas105 clas106 clas107 clas108 clas109 clas110 clas111 clas112 clas113 clas114 clas115 clas116 clas117 clas118 clas119 clas120 clas121 clas122 clas123 clas124 clas125 clas126 clas127 clas128 clas129 clas130 clas131 clas132 clas133 clas134 clas135 clas136 clas137 clas138 clas139 clas140 clas141 clas142 clas143 clas144 clas145 clas146 clas147 clas148 clas149 clas150 clas151 clas152 clas153 clas154 clas155 clas156 clas157 clas158 clas159 clas160 clas161 clas162 clas163 clas164 clas165 clas166 clas167 clas168 clas169 clas170 clas171 clas172 clas173 clas174 clas175 clas176 clas177 clas178 clas179 clas180 clas181 clas182 clas183 clas184 clas185 clas186 clas187 clas188 clas189 clas190 clas191 clas192 clas193 clas194 clas195 clas196 clas197 clas198 clas199 clas200 clas201 clas202 clas203 clas204 clas205 clas206 clas207 clas208 clas209 clas210 clas211 clas212 clas213 clas214 clas215 cl
hit room ball hold racket
dealer deal card chip table
goalie practice goal protect move
The following is an example of a sit top with a sit bottom mouth with an alligator.
no crosswalk, no car stop street  no street.
The ocean wave surf board surfer ride  The ocean wave wave surfboarding surfer surfboard  The surfboard surfboard surfing surfer surfing  The surfing surfboarding surfboarding surfing  Surf surfing surfing surfing  Surfing surfing surfing surf surfing
pour begin stir pot ingredient
catch mitt ball helmet wear
clean gutter ladder house climb
front stand screen give report
walk toddler room toy hold
drive street truck pick trash
card house build floor sit
background range hit ball music
item throw card table knock
page sit turn couch newspaper
hit continue watch side ball
beach surfer surf wave day
store cart help push toddler
move stand front class teacher
wear work train vest worker
shirt object hold wear hand
needle sew machine demonstrate thread
throw kid field bunch ball
dice board roll piece move
cheer crowd game take place
bow prepare shoot arrow target
podium award talk stand give
hold sign teach peace read
throw circle turn ball hold
listen music bang head beat
wood saw piece hold cut
kid rock

The first time I played this game, I thought it would be fun to play a game where you play a rock and then you play the paper game with a rock.
ride kid sit line bench
apply makeup face use brush
perform triceps  triceps push x2  perform x2 exercise x2 x2 gym push x3  do x3 exercise x3 x3

If you want to see the results of this exercise, click here.
floor laugh eat sit chip
step sit cellphone talk lady
bar glass beer pour tap
hold pierce animal stuff ear
dance begin floor music stand
hand eat hold fork spaghetti
sun stand shine tree leave
goggle wear pool water swim
pan stir food fry spatula
riding buck rodeos  cowboy broncos.
mask wear hold banner sign
goat stand kid fence feed
guitarist perform drummer band consist
drill hole piece drill wood
walk front carry building purse
sell vendor vegetable market fruit
rope climb ball throw air
pull gym exercise machine weight
oxidation treat fruit prevent juice
stand building front sit bench
drink take cup vomit drink
weight lift front mirror gym
1 jump  2 jump  3 jump  4 jump  5 jumping

In the above example, the skateboard skateboarders are wearing a shirt and jump jumps to the top of the ramp.
rodeo ride calf rope horse
pose end hold continue dance
tag player home catcher slide
wall toss stand court ball
pull floor sit sander chair
hand hold throw board dart
game basketball ball pass team
mouth dog jump bird fence
hold peel knife orange hand
background music cut knife pineapple
eye stand close cube solve
turn page read hold book
bag wear hit glove box
$1,000

$5,000 for a bag punch ride

For a scooter, you can get a bag knock ride.
open use key box attach
track athlete hurdle leap run
open hit shoe wall bottle
drive gear shift car demonstrate
beat use drum sit pen
bathroom cream razor head shave
paper step piece fold explain
land water fish catch bird
course club hit ball swing
wood chiseled piece of wood chipper  chipper chisel tool  chisel

(1) A piece of piece hammers may be used as a tool for the purpose of the following: cutting, carving, or cutting wood.
dress table wear sit shoe
curl look hair mirror iron
place jump dog eat counter
carry arena horse flag ride
smoke hookahs hookah hookah  hookah pipe hookah pipes  hookahs pipe  pipe hookahs blow hookah smoke  blow hookahs smoking hookahs tobacco  tobacco hookahs cigarette  cigarette hookahs cigar  cigar hookahs smoke  smokes hookahs vapor  vapor hookahs vape  vape hookahs vaping  vaping hookahs nicotine  nicotine hookahs cigarettes  cigarettes hookahs juice  juice hookahs juices  juices hookahs liquids  liquids hookahs water  water hookahs liquid  liquid hookahs liquor  liquor hookahs milk  milk hookahs munch  milkshake hookahs mouth  mouth hookahs nose  nose hookahs nostrils  nostrils hookahs ears  ears hookahs eyes  eyes hookahs tongue  tongue hookahs lips  lips hookahs teeth  teeth hookahs nails  nails hookahs paws  paws hookahs feet  feet hookahs legs  legs hookahs hands  hands hookahs fingers  fingers hookahs knees  knees hookahs hips  hips hookahs thighs  thighs hookahs ankles  ankles hookahs toes  toes hookahs body  body hookahs head  head hookahs neck  neck hookahs chest  chest hookahs abdomen  abdomen hookahs stomach  stomach hookahs throat  throat hookahs lungs  lungs hookahs heart  heart hookahs lung  lung hookahs liver  liver hookahs kidney  kidney hookahs kidneys  kidneys hookahs penis  penis hookahs genitals  genitals hookahs vagina  vagina hookahs womb  womb hookahs belly  belly hookahs pussy  pussy hookahs pubic  pubic hookahs prostate  prostate hookahs rectum  rectum hookahs ovaries  ovaries hookahs uterus  uterus hookahs vulva  vulva hookahs urethra  urethral hookahs vesicle  vesicles hookahs warts  warts hookahs x  x hookahs y  y hookahs z  z hookahs 1  1 hookahs 2  2 hookahs 3  3 hookahs 4  4 hookahs 5  5 hookahs 6  6 hookahs 7  7 hookahs 8  8 hookahs 9  9 hookahs 10  10 hookahs 11  11 hookahs 12  12 hookahs 13  13 hookahs 14  14 hookahs 15  15 hookahs 16  16 hookahs 17  17 hookahs 18  18 hookahs 19  19 hookahs 20  20 hookahs 21  21 hookahs 22  22 hookahs 23  23 hookahs 24  24 hookahs 25  25 hookahs 26  26 hookahs 27  27 hookahs 28  28 hookahs 29  29 hookahs 30  30 hookahs 31  31 hookahs 32  32 hookahs 33  33 hookahs 34  34 hookahs 35  35 hookahs 36  36 hookahs 37  37 hookahs 38  38 hookahs 39  39 hookahs 40  40 hookahs 41  41 hookahs 42  42 hookahs 43  43 hookahs 44  44 hookahs 45  45 hookahs 46  46 hookahs 47  47 hookahs 48  48 hookahs 49  49 hookahs 50  50 hookahs 51  51 hookahs 52  52 hookahs 53  53 hookahs 54  54 hookahs 55  55 hookahs 56  56 hookahs 57  57 hookahs 58  58 hookahs 59  59 hookahs 60  60 hookahs 61  61 hookahs 62  62 hookahs 63  63 hookahs 64  64 hookahs 65  65 hookahs 66  66 hookahs 67  67 hookahs 68  68 hookahs 69  69 hookahs 70  70 hookahs 71  71 hookahs 72  72 hookahs 73  73 hookahs 74  74 hookahs
attempt fence knife stick throw
snow background cover mountain walk
needle knit yarn demonstrate technique
wear hat hole dig worker
marker country color map use
water stand jump cliff edge
walk street wear bag carry
press insert button coin machine
1

The wash washer washer windows were built in the same building as the hang wash.
stand jacket front hat wear
front audience dance stage music
fire stick fire juggler  juggler fire jugglers  jugglers fire juggling  fire jugglings fire juggled  fire Juggled fire juggers  fire fire juggs  fire Fire Juggles fire juggues  Fire juggues fire Juggles  Fire Juggues fire Jumps  Jumps fire Juggle  Jumping fire jugglet  jumping jugglet fires  jumping jabs  jabs jabs fire Juggler  Juggler Jugglers  Jugglers Jugglers Jumps Jumps jumps jums  jumps fire juggl  juggling fire juggls  juggls juggls fires  fires fire juggll  juggll fire jugglr  jugglions fire jugglo  fire jumps  jums fire Juggls fire juggli  juggli fire juggm  Jump juggmoes  jump fire jump jugglows  jumping fire jumping juggloses  jumped juggls fire jumped Jumples  juggles fire jumpy  jps fire jpig  Jumper fire jpn  JUMP fire pogo  jpogo pogo fire  Jumpy Pogo Pogo  fire pog  fire puffing fire  puffing smoke fire  smoke puffing  smoke smoking  smoke smokescreen  smoke screen smoke  smoke smoke smoke  smokescreen smoke  smoking smokescreen smokescreen s  sirens sirens fire sirens j  fire siren sirens smoke siren  siren smoke sirens v  vipers vipers sirens w  viper sirens y  yips viper  yipping viper fire viper smoke viper vipers fire vipers smoke smoke vipers fires viper fires vipers smokescreen vipers pogo viper j  jim vipers jim  jimpers vipers k  kobolds vipers  kooks viper kooks  kookies kookie  vookies viper l  lads kooks kooks fire kooks smoke kooks pogo kooks jim kooks o  oobies kooks s  oodles kooks y  oods kooks watch  watch kooks t  tasers kooks w  watchers kooks zzoom zoom v  zooming zoom fire v  zoom zoom s  zooms zoom smoke zoom pong zoom w  wagons zoom  zooties v  wagones vio  zooming zoos  zoo voo  zoosing zoomers  zooming zoos fire  zoozing fire  fire zoos smoke v  smoke zoos zoos s zoos vooing  vooings zoos pingo  voosing vooins  zooping voos fire voos smoke vs.
hold air rope dog tooth
clothing fold attempt floor piece
direct officer whistle blow traffic
rope sit ball exercise gym
1 hit  2 hit  3 hit  4 hit  5 hit  6 hit  7 miss  8 miss  9 miss  10 miss  11

In this example, we have a mallet standing in front of the front end of a bar.
routine perform begin beam jump
catch ride animal horse lasso
stick tongue rub hair face
stand pancake kitchen pan flip
key sit hit smile piano
fireplace dog walk table game
couple sit bench tie balloon
separate use yolk white bottle
dog family track winter walk
music sunglass kid car dance
ride horse player mallet field
kid goldfish water look floor
come machine worker bag collect
arm stand raise top mountain
sit wear read shirt book
spray stand water hose grass
toy carry dog mouth walk
side continue jump end flip
kid beach build talk castle
leave put kid gather bag
drum beat  beat of cymbals  hit of drum sounds  sounds of drums sounds  sound of sounds of drum hits  hits of hits of hit sounds  hits from drums sound  sounds from sounds of hits sounds  noises from drums sounds + sounds from drum sounds + drums sounds - sounds from sticks  sounds that are stuck sounds  sticks that have been stuck sounds + sticks that are not sticks sounds - sticks that do not belong sounds  words that have belonged sounds - words that are still stuck sounds - word that is still sitting sounds - sound that has been sitting sounds + words that belong to words sounds  word that belongs to words sound  sound that is sitting sounds  noise that is standing sounds - noise that has not been standing sounds + noise that does not belong to sounds sounds - noises that do belong sounds + noises that belong only to sounds sound  noises that are sitting sounds sound - sounds that have not sat sounds sound + sounds that don't belong to sound sounds  voices that have sat noises sound - voices that are standing noises sound + voices that aren't standing sounds sound sound  voice that isn't sitting noises sound sound - voice that doesn't sit sounds noise sound - noise from sitting sounds noise - sound from standing sounds noise + noise from standing noises noise - noise of sitting noises noise sound  noise of standing noises sounds sound noise  noises of standing sounds sounds noise noise  noise in sitting noises noises noise noise - noises in standing noises noises sound noise - sounds in standing sounds noises noise + noises in sitting sounds noises noises sounds noise  sounds in sitting noise noise noise noises noise  sound in sitting sound noises noise noises noises noises  noises in sat sounds noise noises sounds noises sounds sounds noises  sounds sitting noise noises sound noises noises - sounds sitting sounds sounds sounds sound noises - noises sitting sounds smells sounds noises - smells of sitting sound sounds sounds smells - sounds of sitting sounds smell sounds smells  smells that smell smells sounds - smells that do smell smells smells - smells from sitting smells smells smells sounds smells smells smell smells  smell of sitting smells smell sounds sounds smell smells smell  smells of standing smells smells noises smells smells  sounds like sitting smells sounds sounds like sounds like smells smells sound like smells sounds sound like sounds smells smell like smells smell smell like sounds smell smell smell  sounds sounds that sound like smell sounds smell sound smell smell sound  smells sounds that do sound like sound smells smell sound sound smell sound - smells smells that sound smell smells sound smells sound sounds smells sound smell sounds sound smell  smell sounds that smell smell smells smelling smells smell scent smell sound sounds smell scent  smells smell that sound smells smells smelling smell smell scent smells smell - smells sounds like smelling smells smells scent smell smell - sounds smells like smelling sounds smells smelling sounds sounds smelling smells sounds smelling sounds smell smelling smells sound smelling sounds sound smells smelling sound smells scent smells smells odor smell smell sounds smelling smell smells scent sounds smells odor smells smell odor smell smells smelled smells smell smelling sounds smelling noises smells smell noises smells sounds smell noises sounds smells noises noises smells sound noises smells noises sound smells noises sounds smell noise sounds smells noise sounds noises sound sounds noises smells noise noises smell noises noises smell sounds noises smell smells noises noise smells sounds noise sounds sounds loud noises sounds louder noises sounds quieter noises sounds noisy noises sounds quiet noises sounds loud sounds quieter sounds quiet sounds quiet noise sounds quiet quiet noises noises quiet noises quiet sounds quieter quiet noises quieter noises quieter sounds quieter quieter noises quiet noise quiet noises silent noises quiet quiet sounds silence quiet noises silence quiet sounds silent quiet noises noise quiet quiet noise silent noises silent sounds quiet silent noises silence silent sounds silent silent noises quieter silent noises noise silent quiet sounds noise quiet silent sounds silence silent noises noises silent quiet noise quieter noises silent noise silent sounds quieter silent noise quiet noise noise silent noise silence quiet noise silence silent noise quieter noise silent silent noise noise quiet
beat music sit table tap
balloon run kid yard throw
use clean gutter roof stand
press hand button control hold
sharper sharpen pen  pencil hand sharpen  sharpen sharpen

A pencil hand is held sharpened by a sharpener.
hand water beach hold look
hair brush front begin mirror
stand player jersey stick hold
knife meat use piece cut
wash brush shave hair tooth
tomato board chef piece cut
throw field runner  throw throw javeline  throw throwing javelines  throws throwing javes  throws throws throwing jocks  throws throw javerses  throws jocks javelins  throws javelies  throws jumping  throws leaping  throws kicking  throwing kicking throwing  throwing throwing throwing jock  kicks jumping  kicks kicking jumping  running  jumping jumping jumping  jumping jockey  jumps leaping jockey jockey kinematic jockey ball  jumps jumping ball jockey balls  jock jock kinematics jockey players  jocks jock players jock athletes  kines jocks kines kines ball  jumping jump ball ball kines balls  jumping kines kicking  jumping kicking kines throwing  jumping throwing kines running  leaping running running kines jumping  leaping kines leaping jockers  jumping leaping jocks jumping jocks kicking  leaping kicking kicking kicking jocks throwing  leaping throwing kicking kicking running  running running running jocks leaping  leaping jumping jumping jocker  jumping running running runners  running runners running runners jocks running jockners  jumping rushing jocks rushing kines rushing jockes  running rushing kine rushing jines running jines kine running jine running kine jine kine jumping  rushing rushing rushing running running rushing running runners kines runners kine runners jines jines jumping jines kicking jines throwing jines rushing running jumping jine jumping jinematics kines athletes kines jumpers kines kickers jines kicks kines kicks jines jumps kines jumps jines jump jines leaping kine leaping jinematic kines players kines punters kines skaters kine skaters ball  jump jumping ball ball ball skaters balls  jump kines flying  jumping flying ball flying ball skates  jumping skates flying kines sailing  jumping sailing ball sailing balls  sailing kines swimming  jumping swimming ball swimming balls  swimming kines skating  jumping skating skates skates kines skiing  jumping skiing ball skiing balls  skiing kines snowboarding  jumping snowboarding ball snowboarding balls  snowboarding skates snowboarding kines skateboarders  skates skating skaters skates skateboarding skaters jumping  skating jumping jumping skaters running  skating running running skates jumping  skating jumping skater jumping  skate skater skater kines  skating kines playing  jumping playing ball playing ball ball playing balls  ball playing skates playing ball skating ball skating balls  skating skating skater playing ball skater skating ball skating skater running  skate running skaters skating skate skater throwing  skating throwing ball throwing ball throw ball throwing balls  throwing balls throwing skates throwing skaters swimming  swimming swimming ball swimming ball swimming ball skate swimming ball skating skating swimming ball jumping  swimming jumping jumping swimming skates swimming skater diving  diving swimming ball diving ball diving skates diving skaters diving kines diving jocks diving kine diving jines diving kina jumping  diving jumping jumping kina diving jine diving kinas swimming  diving diving jumping kinas diving jinas swimming kina kines dancing  diving dancing kina dancing jines dancing kine dancing jine dancing kinas dancing kines dance kines singing  dancing singing kina singing jines singing kinas singing kines sing  singing singing kine singing jine sing jines sing jinas sing jina sing kine sing kines song  singing song kine song jines song jinas song jina song kina sing jine song kinas sing kinas dance jine dance jines dance jina dance jinas dance kina dance kine dance kinas kines music  music music kine music
scramble cook pan demonstrate egg
snow sle dog pull team
clipper shave use hair head
block cut tool use wood
shore surf crash wave water
hoop run ball jump dunk
ladder climb follow dog roof
tank swim watch kid fish
use pressure demonstrate check gauge
gear metal piece wear weld
throw perform baton air spin
examine hold shovel field worker
throw wall ground fall hit
1/2 cup egg yolks  1 egg yolk crack

1 cup (1/2) egg whites  1 cup yolk yolk (egg yolk, yolk or yolk) egg white  2 egg whites yolk

2 eggs yolk and yolk in the same bowl

egg whites in the bottom of a glass or plastic bottle.
music tree hand fruit pick
watch television couch sit dog
turn fire stick roast pig
silhouette hand world shake map
peeler Drill the peeler into the apple.
watch stand player field team
mouth food put hand eat
word pepper write piece paper
water rock body stand skip
stand object window wall arch
middle traffic direct stand street
eat cup hold food bird
fall ball catch run ground
track wear dog number run
couple cain stroll take use
add pot butter crack egg
burn piece wood design tool
front audience wear dress perform
car road pedestrian drive front
watch prepare food employee customer
cast line water bank stand
sit give treat dog teach
cook pan fry sausage wear
top pan stove cook vegetable
hand wear open oyster glove
car nozzle stand pump hold
1 fall  2 fall  3 fall  4

In this example, we will use the wheelbarrows to push sit hills.
perform begin dance stunt trick
hold wool sheep shave razor
Dance costume stage performs wear.
