{"sentence": "What does water do to waste heat?", "score": -16.89427393447994, "sum_logprob": -26.217304229736328}
{"sentence": "When water is waste heat?", "score": -24.695950867611344, "sum_logprob": -36.445621490478516}
{"sentence": "Where is the water and waste heat coming from?", "score": -16.963852942342385, "sum_logprob": -27.403310775756836}
{"sentence": "Which will heat the waste water?", "score": -18.10875539745661, "sum_logprob": -27.44774055480957}
{"sentence": "Who can heat waste water?", "score": -18.61423498364357, "sum_logprob": -27.47038841247559}
{"sentence": "Whom do waste heat and water?", "score": -19.62714284414315, "sum_logprob": -29.74918556213379}
{"sentence": "Whose heat is it to waste water?", "score": -18.658078365550647, "sum_logprob": -28.954456329345703}
{"sentence": "Why do we waste so much water to heat our homes?", "score": -15.164357633858526, "sum_logprob": -25.32868766784668}
{"sentence": "How much water do you waste to heat your home?", "score": -16.089982954930132, "sum_logprob": -26.447938919067383}
{"sentence": "What are the major exports from Norman?", "score": -22.14776752678325, "sum_logprob": -34.36991500854492}
{"sentence": "When exports are a major source of Norman's income?", "score": -29.31771732069076, "sum_logprob": -48.1910514831543}
{"sentence": "Where are the major exports from Norman?", "score": -22.604765555822333, "sum_logprob": -35.079105377197266}
{"sentence": "Which are the major exports from Norman?", "score": -21.156130229679754, "sum_logprob": -32.83104705810547}
{"sentence": "Who are the major exports from Norman?", "score": -21.759630160363024, "sum_logprob": -33.76758575439453}
{"sentence": "Whom do you consider to be Norman Rockwell's major exports?", "score": -23.238687279029097, "sum_logprob": -39.39464569091797}
{"sentence": "Whose exports are the major cause of the Norman boom?", "score": -24.680605494873383, "sum_logprob": -40.568790435791016}
{"sentence": "Why do major exports go to Norman?", "score": -25.85632951630702, "sum_logprob": -40.125030517578125}
{"sentence": "How do you feel about Norman's major exports?", "score": -24.100142774383265, "sum_logprob": -38.93123245239258}
{"sentence": "What is the choice of measure to be adopted?", "score": -19.37680393784316, "sum_logprob": -31.301177978515625}
{"sentence": "When the measure was adopted, the choice?", "score": -22.856481793078142, "sum_logprob": -36.22508239746094}
{"sentence": "Where measure was choice adopted?", "score": -21.880783365492928, "sum_logprob": -32.291072845458984}
{"sentence": "Which measure is adopted by choice?", "score": -20.725379590961804, "sum_logprob": -31.41380119323731}
{"sentence": "Who was the measure to be adopted, and what was the choice to be made?", "score": -22.006355996115722, "sum_logprob": -39.22858428955078}
{"sentence": "Whom the choice is adopted by, and in what measure?", "score": -26.112958191089298, "sum_logprob": -43.61589050292969}
{"sentence": "Whose choice is it to adopted this measure?", "score": -21.366678339420762, "sum_logprob": -33.8639030456543}
{"sentence": "Why is it adopted as a measure of choice?", "score": -21.41771200238256, "sum_logprob": -34.59804916381836}
{"sentence": "How do you measure the choice to be adopted?", "score": -21.009981429318625, "sum_logprob": -33.93940353393555}
{"sentence": "What is the difference between cellular respiration and oxygen consumption?", "score": -16.138795954202273, "sum_logprob": -26.956270217895508}
{"sentence": "When the oxygen is gone, cellular respiration stops?", "score": -24.083814612502504, "sum_logprob": -39.58781433105469}
{"sentence": "Where is the oxygen in cellular respiration?", "score": -17.941850615483958, "sum_logprob": -28.435916900634766}
{"sentence": "Which are oxygen and cellular respiration?", "score": -19.193582908781657, "sum_logprob": -29.785476684570312}
{"sentence": "Who are the oxygen carriers of cellular respiration?", "score": -19.813112962170965, "sum_logprob": -32.00598907470703}
{"sentence": "Whom do cellular respiration and oxygen consumption belong to?", "score": -20.512166563380017, "sum_logprob": -33.71691131591797}
{"sentence": "Whose oxygen does cellular respiration depend on?", "score": -19.25388682445417, "sum_logprob": -30.515354156494144}
{"sentence": "Why is oxygen needed for cellular respiration?", "score": -15.676608951883948, "sum_logprob": -24.84575080871582}
{"sentence": "How much oxygen is needed for cellular respiration?", "score": -15.049368276155532, "sum_logprob": -24.3106632232666}
{"sentence": "What is the concept of math, and how does it work?", "score": -18.0838145354147, "sum_logprob": -30.656011581420895}
{"sentence": "When I was first introduced to the concept of work, I was a math major at the University of Illinois at Urbana\u2013Champaign. I was", "score": -24.62506103515625, "sum_logprob": -49.2501220703125}
{"sentence": "Where is the math concept at work here?", "score": -18.263914596922426, "sum_logprob": -28.946353912353516}
{"sentence": "Which is the math concept at work here?", "score": -19.17916787485635, "sum_logprob": -30.396932601928714}
{"sentence": "Who is the math concept at work here?", "score": -19.406712451243635, "sum_logprob": -30.757566452026367}
{"sentence": "Whom did you work with on the math concept?", "score": -19.901384529535324, "sum_logprob": -32.148582458496094}
{"sentence": "Whose concept is it that math doesn't work?", "score": -19.254044352673215, "sum_logprob": -31.10287284851074}
{"sentence": "Why conceptually does this math work?", "score": -17.44342131059335, "sum_logprob": -27.069496154785156}
{"sentence": "How does the math concept work?", "score": -16.518496789484775, "sum_logprob": -25.0373592376709}
{"sentence": "What are responses to protect the lungs?", "score": -23.097797870847558, "sum_logprob": -35.844215393066406}
{"sentence": "When the lungs are damaged, the body tries to protect itself with a variety of responses, including the production of white blood cells called lymphocytes. These cells", "score": -28.201431274414062, "sum_logprob": -56.402862548828125}
{"sentence": "Where you can protect your lungs and get better responses?", "score": -27.238537311000375, "sum_logprob": -44.77339553833008}
{"sentence": "Which are the responses to protect the lungs?", "score": -23.439219077441315, "sum_logprob": -37.148658752441406}
{"sentence": "Who are the responses to protect the lungs?", "score": -24.816884535648366, "sum_logprob": -39.33211135864258}
{"sentence": "Whom will protect the responses of the lungs?", "score": -25.308508194388608, "sum_logprob": -40.11128234863281}
{"sentence": "Whose responses will protect the lungs?", "score": -23.33708225713943, "sum_logprob": -35.37240219116211}
{"sentence": "Why do we need responses to protect our lungs?", "score": -23.39201258085778, "sum_logprob": -37.787322998046875}
{"sentence": "How do we protect our lungs and immune responses?", "score": -22.108806586304873, "sum_logprob": -35.714439392089844}
{"sentence": "What organization is in charge of running the program?", "score": -17.32818450885142, "sum_logprob": -27.991849899291992}
{"sentence": "When you are in charge of running an organization?", "score": -18.397121782147277, "sum_logprob": -29.718605041503906}
{"sentence": "Where is the organization in charge of running the program?", "score": -18.20629689801069, "sum_logprob": -29.926633834838867}
{"sentence": "Which is the organization in charge of running the country?", "score": -18.15794109505561, "sum_logprob": -29.847148895263675}
{"sentence": "Who is running the show in charge of the organization?", "score": -16.518337880078004, "sum_logprob": -27.15204811096191}
{"sentence": "Whom do you charge with running the organization?", "score": -16.3469818751041, "sum_logprob": -25.908220291137695}
{"sentence": "Whose organization is in charge of running it?", "score": -15.232426717469178, "sum_logprob": -24.141769409179688}
{"sentence": "Why do you charge a fee for running an organization?", "score": -18.837189685525114, "sum_logprob": -30.963665008544922}
{"sentence": "How do you charge for running an organization?", "score": -17.11787463313842, "sum_logprob": -27.130002975463864}
{"sentence": "What is the point of an Apache Hadoop observatory?", "score": -23.2460344078823, "sum_logprob": -39.407100677490234}
{"sentence": "When the Apache web server is running, point it to the IP address of your observatory server. You can do this by adding the following line to your", "score": -30.061901092529297, "sum_logprob": -60.123802185058594}
{"sentence": "Where the Apache Software Foundation (ASF) is headquartered, the observatory can serve as a focal point for research and education in astronomy and astrophysics.", "score": -29.350332260131836, "sum_logprob": -58.70066452026367}
{"sentence": "Which the Apache Software Foundation (ASF) would like to point out is that we are not an observatory. We are not a research institution. We", "score": -29.47220230102539, "sum_logprob": -58.94440460205078}
{"sentence": "Who was the point of the Apache observatory?", "score": -22.71846368301137, "sum_logprob": -36.699275970458984}
{"sentence": "Whom do you want to point out to the Apache observatory?", "score": -25.156116889257422, "sum_logprob": -42.64510726928711}
{"sentence": "Whose point of view is that of the Apache observatory?", "score": -23.160736285620693, "sum_logprob": -38.68486022949219}
{"sentence": "Why do I have to go to an observatory and point my telescope in the direction of the Apache?", "score": -28.49917957509353, "sum_logprob": -52.88309860229492}
{"sentence": "How do I point my camera at the Apache observatory?", "score": -24.023669213828427, "sum_logprob": -40.126197814941406}
{"sentence": "What activities are you doing to improve your knowledge of French?", "score": -19.48269588002697, "sum_logprob": -32.54151153564453}
{"sentence": "When the French were in knowledge of the activities of the Germans?", "score": -27.480658447643364, "sum_logprob": -46.58571243286133}
{"sentence": "Where is the knowledge of the activities of the French Revolution?", "score": -22.942176764263138, "sum_logprob": -38.31980514526367}
{"sentence": "Which are French knowledge activities?", "score": -21.785297879878097, "sum_logprob": -32.1501579284668}
{"sentence": "Who are French knowledge activities?", "score": -22.667010957440652, "sum_logprob": -33.45136642456055}
{"sentence": "Whom did French knowledge come from and what were its activities?", "score": -24.85353170232272, "sum_logprob": -41.512298583984375}
{"sentence": "Whose knowledge is French, and whose activities are French?", "score": -22.822344656181308, "sum_logprob": -37.5142707824707}
{"sentence": "Why is it that French people have so little knowledge of the activities of their own government?", "score": -23.218768176538696, "sum_logprob": -41.83982849121094}
{"sentence": "How much knowledge does the French intelligence services have about the activities of the Islamic State?", "score": -20.330904576752573, "sum_logprob": -36.241920471191406}
{"sentence": "What does this mean for the future of the Rhine delta changed?", "score": -26.686060909916186, "sum_logprob": -45.867252349853516}
{"sentence": "When I was a kid, we changed the name of the Rhine River delta?", "score": -29.553452140480932, "sum_logprob": -52.68205642700195}
{"sentence": "Where it changed, however, was the delta between the Rhine and the Danube?", "score": -30.851492121563535, "sum_logprob": -55.593868255615234}
{"sentence": "Which is not to say, however, that the Rhine has changed from a delta to a river. The Rhine is still a river, but it", "score": -29.381868362426758, "sum_logprob": -58.763736724853516}
{"sentence": "Who has changed the most is the delta between the Rhine and the Danube?", "score": -28.95261781997048, "sum_logprob": -51.61100769042969}
{"sentence": "Whom do you think changed the name of the Rhine River delta?", "score": -24.16742516236972, "sum_logprob": -41.538291931152344}
{"sentence": "Whose interests are changed by the acquisition of the Rhine delta?", "score": -24.73532330452171, "sum_logprob": -41.93177032470703}
{"sentence": "Why do you think the delta of the Rhine has changed?", "score": -23.856077880422934, "sum_logprob": -40.44125747680664}
{"sentence": "How do you feel about the changed state of the Rhine delta?", "score": -23.61388774634465, "sum_logprob": -40.58688735961914}
{"sentence": "What power does the U.S. military have over the Yuan?", "score": -19.89418422527268, "sum_logprob": -34.193565368652344}
{"sentence": "When the Yuan Dynasty was military power?", "score": -24.756564779564222, "sum_logprob": -38.418365478515625}
{"sentence": "Where are the Yuan Dynasty's military powerhouses?", "score": -20.288938744344552, "sum_logprob": -32.774635314941406}
{"sentence": "Which is the power of the Yuan Dynasty's military?", "score": -21.869391986585278, "sum_logprob": -35.947853088378906}
{"sentence": "Who are the Yuan Dynasty's military powerhouses?", "score": -19.553480495352936, "sum_logprob": -31.586580276489258}
{"sentence": "Whom does Yuan military power target?", "score": -22.63187558708364, "sum_logprob": -34.30350875854492}
{"sentence": "Whose power is in the hands of the Yuan Dynasty's military?", "score": -20.956590297803668, "sum_logprob": -35.52599334716797}
{"sentence": "Why is military power so important to the Yuan?", "score": -21.934284865745873, "sum_logprob": -35.432518005371094}
{"sentence": "How do you feel about Yuan Zhengfeng's military power?", "score": -20.617974293034287, "sum_logprob": -34.95196533203125}
{"sentence": "What are the cash flow problems?", "score": -14.899767315804365, "sum_logprob": -22.583824157714844}
{"sentence": "When you are in cash flow problems?", "score": -19.389430076602657, "sum_logprob": -30.08940124511719}
{"sentence": "Where are the cash flow problems?", "score": -14.272984195884456, "sum_logprob": -21.633798599243164}
{"sentence": "Which are the cash flow problems?", "score": -14.977033155599827, "sum_logprob": -22.700937271118164}
{"sentence": "Who are the cash flow problems?", "score": -15.192471724523827, "sum_logprob": -23.027481079101562}
{"sentence": "Whom do you have cash flow problems?", "score": -17.637724748855764, "sum_logprob": -27.37102508544922}
{"sentence": "Whose problems will cash flow be addressed?", "score": -18.064828995789828, "sum_logprob": -28.033824920654297}
{"sentence": "Why do I have cash flow problems?", "score": -14.574693677049448, "sum_logprob": -22.617673873901367}
{"sentence": "How many problems do you have with your cash flow?", "score": -16.800393090965326, "sum_logprob": -27.615676879882812}
{"sentence": "What goals are you trying to accomplish with your ideas?", "score": -16.19960475841855, "sum_logprob": -26.628129959106445}
{"sentence": "When ideas can accomplish more than goals?", "score": -23.12740896362258, "sum_logprob": -35.890167236328125}
{"sentence": "Where do ideas accomplish their goals?", "score": -19.375421381474382, "sum_logprob": -29.367647171020508}
{"sentence": "Which are the ideas and goals you want to accomplish?", "score": -16.071591203032305, "sum_logprob": -26.417707443237305}
{"sentence": "Who goals are you trying to accomplish with your ideas?", "score": -17.295061595243094, "sum_logprob": -28.428789138793945}
{"sentence": "Whom do you want to accomplish your goals and ideas?", "score": -17.660348476280518, "sum_logprob": -29.02923011779785}
{"sentence": "Whose ideas will accomplish these goals?", "score": -15.493254938010098, "sum_logprob": -23.483383178710938}
{"sentence": "Why do we accomplish our goals and ideas?", "score": -17.242326386578107, "sum_logprob": -27.327245712280273}
{"sentence": "How do we accomplish these ideas and goals?", "score": -16.070926002337732, "sum_logprob": -25.47070121765137}
{"sentence": "What does it mean to fight for the tribes of the khanate?", "score": -25.160073578340544, "sum_logprob": -43.80623245239258}
{"sentence": "When the tribes are united, they will be able to fight against the khan?", "score": -27.807275055916605, "sum_logprob": -49.56931686401367}
{"sentence": "Where are the tribes that are going to stand up and fight for their rights and their khan?", "score": -28.090462599152417, "sum_logprob": -51.641963958740234}
{"sentence": "Which is not to say that the tribes do not fight in the name of the khan?", "score": -27.681151359108384, "sum_logprob": -50.39531326293945}
{"sentence": "Who are the tribes that fight for the khan?", "score": -21.070779185754535, "sum_logprob": -34.6351318359375}
{"sentence": "Whom shall I fight, the tribesman or the khan?", "score": -20.397693193319515, "sum_logprob": -34.57854080200195}
{"sentence": "Whose idea was it to fight the tribesmen and their khan?", "score": -23.726033421428674, "sum_logprob": -40.779640197753906}
{"sentence": "Why do we have tribes, and why do they fight for their khan?", "score": -25.265787371136607, "sum_logprob": -44.52691650390625}
{"sentence": "How many tribes did you fight in the war against the khan?", "score": -22.726982779401876, "sum_logprob": -39.0625}
{"sentence": "What is the meaning of the additional prime?", "score": -19.516471214916706, "sum_logprob": -30.931522369384766}
{"sentence": "When the meaning of a word is changed by the addition of an additional prime?", "score": -26.282032531065965, "sum_logprob": -46.31788635253906}
{"sentence": "Where is the meaning of this additional prime?", "score": -22.286224343581036, "sum_logprob": -35.321285247802734}
{"sentence": "Which is the additional meaning of prime?", "score": -21.778985775879423, "sum_logprob": -33.79762268066406}
{"sentence": "Who is the additional meaning of prime?", "score": -22.88666335569401, "sum_logprob": -35.51656723022461}
{"sentence": "Whom is meaning additional to the prime minister?", "score": -25.90222821481617, "sum_logprob": -41.05226516723633}
{"sentence": "Whose meaning is additional to that of the prime minister?", "score": -22.733579215381315, "sum_logprob": -37.36836242675781}
{"sentence": "Why do prime numbers have additional meaning?", "score": -19.756987659799197, "sum_logprob": -30.659793853759766}
{"sentence": "How many prime numbers are there, and do they have any additional meaning?", "score": -20.77314607886172, "sum_logprob": -36.168148040771484}
{"sentence": "What occupation do you think is most likely to alienate women?", "score": -19.39209740536824, "sum_logprob": -32.873836517333984}
{"sentence": "When there is no occupation, there is nothing to alienate?", "score": -25.15946754005755, "sum_logprob": -42.650787353515625}
{"sentence": "Where the occupation of the land does not alienate the people?", "score": -25.00840697040505, "sum_logprob": -42.39470672607422}
{"sentence": "Which occupation do you think is most likely to alienate women?", "score": -18.77616947893752, "sum_logprob": -31.829704284667965}
{"sentence": "Who do you think will be the first occupation to alienate the most people?", "score": -21.405160989433735, "sum_logprob": -37.72317886352539}
{"sentence": "Whom occupation(s) do you want to alienate?", "score": -19.90188882596647, "sum_logprob": -33.24168014526367}
{"sentence": "Whose occupation is it that you want to alienate?", "score": -17.95048329401103, "sum_logprob": -29.506139755249027}
{"sentence": "Why do you think it's a good idea to alienate your occupation?", "score": -21.76193223515085, "sum_logprob": -37.88972473144531}
{"sentence": "How much of the occupation are you willing to alienate?", "score": -20.251946738717734, "sum_logprob": -33.82637405395508}
{"sentence": "What is protected by the long tentacles?", "score": -22.18550532325363, "sum_logprob": -34.4284782409668}
{"sentence": "When the tentacles are long enough, they can be protected from the sun.", "score": -25.977655966824305, "sum_logprob": -45.781471252441406}
{"sentence": "Where are the long tentacles protected?", "score": -22.704599930554586, "sum_logprob": -34.41373825073242}
{"sentence": "Which is protected by the long tentacles?", "score": -22.56746285510334, "sum_logprob": -35.021217346191406}
{"sentence": "Who is protected from the long tentacles?", "score": -20.629964267010948, "sum_logprob": -32.01451873779297}
{"sentence": "Whom is protected from the long tentacles?", "score": -22.173025203876342, "sum_logprob": -34.40911102294922}
{"sentence": "Whose interests are being protected by the long tentacles of the state?", "score": -19.41225981716753, "sum_logprob": -32.908016204833984}
{"sentence": "Why are tentacles protected so long?", "score": -21.285921545317095, "sum_logprob": -32.263423919677734}
{"sentence": "How long do tentacles have to be protected?", "score": -20.289756442740202, "sum_logprob": -32.15709686279297}
{"sentence": "What is a linear algebra problem that can be solved by a Turing machine?", "score": -19.62131683025413, "sum_logprob": -34.162696838378906}
{"sentence": "When solved is a linear Turing machine?", "score": -27.21743685137868, "sum_logprob": -42.23725891113281}
{"sentence": "Where is the linear algebra problem that can be solved by a Turing machine?", "score": -21.44069028128576, "sum_logprob": -37.33041000366211}
{"sentence": "Which is solved by a linear Turing machine?", "score": -23.903276381558406, "sum_logprob": -37.88414001464844}
{"sentence": "Who is the linear Turing machine to be solved?", "score": -23.519538783436097, "sum_logprob": -37.99332809448242}
{"sentence": "Whom do you think has solved the linear Turing machine problem?", "score": -22.758039733745434, "sum_logprob": -38.012245178222656}
{"sentence": "Whose linearity can be solved by a Turing machine?", "score": -23.0517019861576, "sum_logprob": -37.89127731323242}
{"sentence": "Why can't linear algebra be solved by a Turing machine?", "score": -20.508973484943628, "sum_logprob": -34.255680084228516}
{"sentence": "How is linear algebra solved by a Turing machine?", "score": -20.548062315422424, "sum_logprob": -33.19322204589844}
{"sentence": "What do you think of the new faction supplies in Jacksonville?", "score": -27.564656855833473, "sum_logprob": -46.04063034057617}
{"sentence": "When it comes to Jacksonville, there is one faction of the city that supplies the majority of its food. That faction?", "score": -34.41444366056199, "sum_logprob": -65.51319122314453}
{"sentence": "Where you can get faction supplies in Jacksonville?", "score": -28.80639289570047, "sum_logprob": -45.65505599975586}
{"sentence": "Which is to say, the faction that supplies the Jacksonville Jaguars?", "score": -28.609850269978125, "sum_logprob": -48.49993896484375}
{"sentence": "Who is the faction that supplies the Jacksonville Jaguars?", "score": -25.870032567876514, "sum_logprob": -41.79030227661133}
{"sentence": "Whom do you think supplies the faction in Jacksonville?", "score": -25.79097071460314, "sum_logprob": -41.6625862121582}
{"sentence": "Whose faction is it that supplies Jacksonville?", "score": -25.606618969365456, "sum_logprob": -39.737518310546875}
{"sentence": "Why do you think the faction that supplies Jacksonville?", "score": -28.90839045191194, "sum_logprob": -46.698448181152344}
{"sentence": "How do you feel about the faction that supplies Jacksonville?", "score": -28.022473841925517, "sum_logprob": -46.06199264526367}
{"sentence": "What is the median winter temperature?", "score": -15.699386522501804, "sum_logprob": -23.795820236206055}
{"sentence": "When the temperature is above the winter median?", "score": -25.92854778940834, "sum_logprob": -41.09397888183594}
{"sentence": "Where is the median winter temperature?", "score": -16.266195213264993, "sum_logprob": -24.65494155883789}
{"sentence": "Which is the median winter temperature?", "score": -18.891675890874364, "sum_logprob": -28.63442611694336}
{"sentence": "Who is the median winter temperature?", "score": -18.58666200112236, "sum_logprob": -28.17211151123047}
{"sentence": "Whom is median winter temperature?", "score": -22.091174543907865, "sum_logprob": -32.6015625}
{"sentence": "Whose temperature is median winter temperature?", "score": -21.9273358588544, "sum_logprob": -33.235626220703125}
{"sentence": "Why is the median winter temperature so low?", "score": -17.811997753184205, "sum_logprob": -28.230113983154297}
{"sentence": "How does winter affect the median temperature?", "score": -19.56362815808216, "sum_logprob": -30.359729766845703}
{"sentence": "What is the interest rate policy of Germany's central bank?", "score": -17.703044881674238, "sum_logprob": -29.56900024414063}
{"sentence": "When the interest rate is Germany's central bank?", "score": -22.78303794758008, "sum_logprob": -36.8035888671875}
{"sentence": "Where is Germany's central bank interest rate?", "score": -18.313513817189545, "sum_logprob": -29.024963378906254}
{"sentence": "Which is Germany's central interest?", "score": -19.955721172845823, "sum_logprob": -30.24721717834473}
{"sentence": "Who is Germany's central bank in charge of setting interest rates?", "score": -18.336082086303694, "sum_logprob": -31.083660125732422}
{"sentence": "Whom is central bank interest rate set by Germany?", "score": -20.754655094204416, "sum_logprob": -33.52695083618164}
{"sentence": "Whose interest is Germany's central bank?", "score": -17.734355336352543, "sum_logprob": -27.520980834960938}
{"sentence": "Why does Germany's central bank keep interest rates so low?", "score": -14.530090352404201, "sum_logprob": -24.269285202026367}
{"sentence": "How does Germany's central bank manage interest rates?", "score": -16.65873039157777, "sum_logprob": -26.910417556762695}
{"sentence": "What does the city of Phoenix have in common with Warsaw?", "score": -19.711539668651763, "sum_logprob": -32.923744201660156}
{"sentence": "When I was in Warsaw city, Phoenix?", "score": -29.138385386072883, "sum_logprob": -46.18122863769531}
{"sentence": "Where is the city of Phoenix in Warsaw?", "score": -20.678008076827066, "sum_logprob": -32.77243423461914}
{"sentence": "Which city do you live in, Phoenix or Warsaw?", "score": -23.8903542690695, "sum_logprob": -39.269813537597656}
{"sentence": "Who is the city of Phoenix and where is Warsaw?", "score": -22.532103085064385, "sum_logprob": -37.03718566894531}
{"sentence": "Whom shall Warsaw, the city of the Phoenix, be called?", "score": -24.693184763968862, "sum_logprob": -41.86033630371094}
{"sentence": "Whose city is Phoenix and whose city is Warsaw?", "score": -20.416058774916802, "sum_logprob": -32.979984283447266}
{"sentence": "Why are the city of Phoenix, Arizona, and Warsaw, Poland, so similar?", "score": -23.284115181086957, "sum_logprob": -41.50632095336914}
{"sentence": "How did Phoenix become the city of Warsaw?", "score": -23.564804486082913, "sum_logprob": -37.34769821166992}
{"sentence": "What does it mean for Warsaw to be established as a university?", "score": -21.573242810908425, "sum_logprob": -36.571353912353516}
{"sentence": "When it was established as a university, the University of Warsaw was the first university in Poland.", "score": -25.33035313467684, "sum_logprob": -46.56773376464844}
{"sentence": "Where Warsaw was established as a university?", "score": -24.319748310518744, "sum_logprob": -37.74049377441406}
{"sentence": "Which university is established in Warsaw?", "score": -23.031109481214166, "sum_logprob": -34.908634185791016}
{"sentence": "Who is established in the university of Warsaw?", "score": -21.737412473381255, "sum_logprob": -34.45147705078125}
{"sentence": "Whom do you think established the university of Warsaw?", "score": -21.47440841920575, "sum_logprob": -34.68963623046875}
{"sentence": "Whose university is established in Warsaw?", "score": -21.996858881557934, "sum_logprob": -33.34100341796875}
{"sentence": "Why do you think the Warsaw university was established?", "score": -22.240283520081707, "sum_logprob": -35.92682647705078}
{"sentence": "How did Warsaw come to be established as a university?", "score": -21.791745143052477, "sum_logprob": -35.820220947265625}
{"sentence": "What is killed by the plague in Naples?", "score": -22.284409532493473, "sum_logprob": -35.31840896606445}
{"sentence": "When Naples was killed by the plague?", "score": -24.34701185277076, "sum_logprob": -37.78280258178711}
{"sentence": "Where Naples is killed by the plague?", "score": -23.810705946743415, "sum_logprob": -36.950538635253906}
{"sentence": "Which Naples was killed by the plague?", "score": -24.31525232108777, "sum_logprob": -37.733516693115234}
{"sentence": "Who was killed in the plague in Naples?", "score": -21.091411933546595, "sum_logprob": -33.427635192871094}
{"sentence": "Whom the plague would have killed in Naples?", "score": -24.312386308595958, "sum_logprob": -38.532535552978516}
{"sentence": "Whose children are killed by the plague in Naples?", "score": -22.558415382366125, "sum_logprob": -36.44073486328125}
{"sentence": "Why did Naples have the most people killed by the plague?", "score": -22.11449308788809, "sum_logprob": -36.93734359741211}
{"sentence": "How many people are killed by the plague in Naples?", "score": -20.604324905287218, "sum_logprob": -33.8683967590332}
{"sentence": "What is the difference between adult plankton and juvenile plankton?", "score": -19.168150617168976, "sum_logprob": -32.494197845458984}
{"sentence": "When he was a plankton, juvenile or adult?", "score": -23.852911679149056, "sum_logprob": -39.20826721191406}
{"sentence": "Where is the plankton adult and juvenile?", "score": -22.626595292038076, "sum_logprob": -35.86073684692383}
{"sentence": "Which plank is adult and which is juvenile?", "score": -21.065944405539298, "sum_logprob": -33.387271881103516}
{"sentence": "Who are the juvenile and adult plankton?", "score": -22.639582985179306, "sum_logprob": -35.88132095336914}
{"sentence": "Whom does plankton adult and juvenile fish belong to?", "score": -24.812153515640116, "sum_logprob": -40.7850227355957}
{"sentence": "Whose plank is it, juvenile or adult?", "score": -21.416814300898128, "sum_logprob": -33.943363189697266}
{"sentence": "Why do juvenile and adult fish eat plankton?", "score": -20.893471461672217, "sum_logprob": -33.75119400024414}
{"sentence": "How do adult and juvenile fish eat plankton?", "score": -21.851102255783072, "sum_logprob": -35.29814529418945}
{"sentence": "What do you think of Amazon's decision to travel to the european market?", "score": -26.195962506066614, "sum_logprob": -46.69698715209961}
{"sentence": "When I was a kid, I used to travel to a lot of european cities. Amazon?", "score": -29.028426467305895, "sum_logprob": -53.865169525146484}
{"sentence": "Where are you going to get the most out of your european travel with Amazon?", "score": -26.31209323789487, "sum_logprob": -47.41394805908203}
{"sentence": "Which is why it is so important to travel with an experienced european Amazonian guide.", "score": -28.849288885891408, "sum_logprob": -53.03700256347656}
{"sentence": "Who was the first person to travel to the Amazon in the 19th century or the first european to visit the Amazon?", "score": -27.236792847360388, "sum_logprob": -52.65367889404297}
{"sentence": "Whom do you want to travel with on your next visit to the european Amazon?", "score": -25.274500684814004, "sum_logprob": -45.54422378540039}
{"sentence": "Whose idea was it to travel to the Amazon in the first place, and why wasn't it european?", "score": -27.60257268962404, "sum_logprob": -52.11848831176758}
{"sentence": "Why do you want to travel to the Amazon and not to the european continent?", "score": -24.13301910776138, "sum_logprob": -43.4872932434082}
{"sentence": "How do you feel about the current state of travel in the european Amazon?", "score": -25.557539794958316, "sum_logprob": -45.55893325805664}
{"sentence": "What is the list of markets for transportation?", "score": -22.350151906559375, "sum_logprob": -35.422603607177734}
{"sentence": "When transportation costs are added to the list, some of the most expensive markets in the U.S. are in Texas, Florida, California and New York", "score": -28.27869415283203, "sum_logprob": -56.55738830566406}
{"sentence": "Where is the list of transportation markets?", "score": -21.677141413870288, "sum_logprob": -33.63957595825195}
{"sentence": "Which is the list of the top 10 markets for transportation?", "score": -23.032930912252993, "sum_logprob": -38.47138977050781}
{"sentence": "Who is the list of the top 10 markets for transportation?", "score": -23.860676253121984, "sum_logprob": -39.85395431518555}
{"sentence": "Whom do you list for transportation to the markets?", "score": -21.619374041928147, "sum_logprob": -34.92381286621094}
{"sentence": "Whose markets do you list for transportation?", "score": -22.376445987573135, "sum_logprob": -34.724788665771484}
{"sentence": "Why do you list markets as transportation?", "score": -23.257441139084417, "sum_logprob": -36.091957092285156}
{"sentence": "How do I get a list of markets for transportation?", "score": -21.707291610773133, "sum_logprob": -35.681400299072266}
{"sentence": "What is universal band receive?", "score": -22.08756863561245, "sum_logprob": -32.59624099731445}
{"sentence": "When the band did receive universal acclaim?", "score": -25.872560800184946, "sum_logprob": -40.15021896362305}
{"sentence": "Where is the universal band receive?", "score": -23.503696909218032, "sum_logprob": -35.624942779541016}
{"sentence": "Which band would you like to see receive universal recognition?", "score": -20.943981690683053, "sum_logprob": -34.42670822143555}
{"sentence": "Who was the first band to receive universal acclaim?", "score": -18.664480962941127, "sum_logprob": -30.150495529174805}
{"sentence": "Whom did you receive your universal band?", "score": -22.367670327502836, "sum_logprob": -34.7111701965332}
{"sentence": "Whose idea was it to receive universal recognition as the greatest band of all time?", "score": -22.202969242420544, "sum_logprob": -39.129188537597656}
{"sentence": "Why did you receive universal acclaim for your band?", "score": -20.821201182174658, "sum_logprob": -33.63444900512695}
{"sentence": "How did you receive universal acclaim as a band?", "score": -20.3877400848196, "sum_logprob": -32.93423843383789}
{"sentence": "What is active acquired memory?", "score": -18.536613607153917, "sum_logprob": -27.355836868286133}
{"sentence": "When a memory is acquired, it is active?", "score": -23.875959441687495, "sum_logprob": -38.569087982177734}
{"sentence": "Where is the active acquired memory?", "score": -20.712515163994343, "sum_logprob": -31.394302368164062}
{"sentence": "Which is acquired by active memory?", "score": -22.256118045247447, "sum_logprob": -33.73396682739258}
{"sentence": "Who is active acquired memory?", "score": -21.099897429095368, "sum_logprob": -31.138662338256832}
{"sentence": "Whom do you think acquired active memory?", "score": -21.823348335344047, "sum_logprob": -33.8664665222168}
{"sentence": "Whose memory was active when the memory was acquired?", "score": -21.416191218824974, "sum_logprob": -34.5955924987793}
{"sentence": "Why do you think active memory is acquired?", "score": -19.96200372654649, "sum_logprob": -31.637643814086914}
{"sentence": "How is memory acquired when the brain is active?", "score": -18.134886980732254, "sum_logprob": -29.294992446899414}
{"sentence": "What is the presence of small projects?", "score": -20.147706102710686, "sum_logprob": -31.266128540039062}
{"sentence": "When you are in the presence of small projects?", "score": -25.13069325090835, "sum_logprob": -40.595977783203125}
{"sentence": "Where is the presence of small projects?", "score": -21.25895294258748, "sum_logprob": -32.9906120300293}
{"sentence": "Which is why the presence of small projects?", "score": -23.677912466769705, "sum_logprob": -37.52696228027344}
{"sentence": "Who are the small presence projects?", "score": -21.549632860293986, "sum_logprob": -32.66313552856445}
{"sentence": "Whom do you think projects with such a small presence?", "score": -22.68713453011555, "sum_logprob": -37.29201889038086}
{"sentence": "Whose presence is small projects?", "score": -23.231753063873846, "sum_logprob": -34.28479766845703}
{"sentence": "Why do small projects like these have such a strong presence?", "score": -20.742492355757193, "sum_logprob": -34.645721435546875}
{"sentence": "How do small projects have a presence on Kickstarter?", "score": -20.763007596445394, "sum_logprob": -33.540443420410156}
{"sentence": "What does schooling have to do with economic growth?", "score": -16.180615168939774, "sum_logprob": -26.138072967529297}
{"sentence": "When schooling is economic growth?", "score": -24.02555694056269, "sum_logprob": -35.45627212524414}
{"sentence": "Where is the economic growth in schooling?", "score": -20.09135259931807, "sum_logprob": -31.17867660522461}
{"sentence": "Which are schooling and economic growth?", "score": -18.516080680161988, "sum_logprob": -28.06513023376465}
{"sentence": "Who is schooling economic growth?", "score": -18.628075726272822, "sum_logprob": -27.49081420898438}
{"sentence": "Whom schooling is the most important factor in economic growth?", "score": -21.931847359086763, "sum_logprob": -36.050514221191406}
{"sentence": "Whose schooling is economic growth?", "score": -18.906715504489824, "sum_logprob": -27.902023315429688}
{"sentence": "Why does economic growth depend on schooling?", "score": -18.19436830855023, "sum_logprob": -28.234849929809567}
{"sentence": "How does schooling affect economic growth?", "score": -15.792042359539957, "sum_logprob": -23.936260223388672}
{"sentence": "What is believed to be the devastation of civilization?", "score": -21.819253175284327, "sum_logprob": -35.24669647216797}
{"sentence": "When the devastation began, it was believed that this was the end of civilization?", "score": -27.311213121366315, "sum_logprob": -48.13165283203125}
{"sentence": "Where is the devastation of civilization believed to be?", "score": -23.838768727015978, "sum_logprob": -38.509010314941406}
{"sentence": "Which is believed to be the devastation of civilization.", "score": -23.140485992763924, "sum_logprob": -38.03721618652344}
{"sentence": "Who would have believed that the devastation of our civilization could be reversed?", "score": -22.441872336547895, "sum_logprob": -38.57246017456055}
{"sentence": "Whom he believed to be the devastation of civilization?", "score": -23.78712584561707, "sum_logprob": -38.42558670043945}
{"sentence": "Whose civilization is believed to be responsible for the devastation?", "score": -22.003137734676585, "sum_logprob": -36.16769790649414}
{"sentence": "Why do you think the devastation of civilization is to be believed?", "score": -22.529591457986097, "sum_logprob": -38.19257354736328}
{"sentence": "How believed are you in the devastation of civilization?", "score": -23.158095288807388, "sum_logprob": -37.409454345703125}
{"sentence": "What is the percentage of households with children?", "score": -14.23305790839122, "sum_logprob": -22.557876586914062}
{"sentence": "When the percentage is higher than the percentage of households with children?", "score": -24.084610717198867, "sum_logprob": -40.828670501708984}
{"sentence": "Where is the percentage of households with children?", "score": -15.528840245644838, "sum_logprob": -24.611553192138672}
{"sentence": "Which percentage are households with children?", "score": -17.80323438024027, "sum_logprob": -26.98465728759766}
{"sentence": "Who are the percentage of households with children?", "score": -16.83768127992176, "sum_logprob": -26.68592643737793}
{"sentence": "Whom do percentage of households with children live with?", "score": -21.25801083711459, "sum_logprob": -34.34006881713867}
{"sentence": "Whose children are being raised in households with a high percentage of single parents?", "score": -18.77213478808491, "sum_logprob": -32.68418502807617}
{"sentence": "Why do you think the percentage of children growing up in single parent households is so high?", "score": -17.71617250075583, "sum_logprob": -31.92424392700195}
{"sentence": "How are percentage of households with children?", "score": -18.230676680278066, "sum_logprob": -28.29119491577148}
{"sentence": "What was victorious in the UK election?", "score": -20.940310446152537, "sum_logprob": -32.49612808227539}
{"sentence": "When he was victorious in the UK election?", "score": -22.45189445229196, "sum_logprob": -35.58385467529297}
{"sentence": "Where is the UK victorious in this election?", "score": -22.02326688187371, "sum_logprob": -34.90452575683594}
{"sentence": "Which election was victorious in the UK?", "score": -19.603138293743207, "sum_logprob": -30.421043395996094}
{"sentence": "Who was victorious in the UK election?", "score": -17.307919711138123, "sum_logprob": -26.85921859741211}
{"sentence": "Whom do you want victorious in the UK general election?", "score": -17.53978677141086, "sum_logprob": -28.831056594848636}
{"sentence": "Whose election was victorious in the UK?", "score": -19.145418792370613, "sum_logprob": -29.71073341369629}
{"sentence": "Why do you think victorious in the UK election?", "score": -21.275280231767763, "sum_logprob": -34.36796569824219}
{"sentence": "How do you feel victorious in the UK election?", "score": -20.383638219851385, "sum_logprob": -32.9276123046875}
{"sentence": "What is the source of tumor antigen?", "score": -17.642514489373124, "sum_logprob": -27.378458023071286}
{"sentence": "When the tumor was removed, the source of the antigen was determined to be the tumor itself.", "score": -26.031110798047585, "sum_logprob": -47.85601806640625}
{"sentence": "Where is the source of tumor antigen?", "score": -18.779529076221046, "sum_logprob": -29.142929077148434}
{"sentence": "Which is the source of the tumor antigen?", "score": -20.4474765235702, "sum_logprob": -32.407066345214844}
{"sentence": "Who is the source of tumor antigen?", "score": -18.7862558531909, "sum_logprob": -29.153367996215824}
{"sentence": "Whom do you source tumor antigen from?", "score": -22.90335431700419, "sum_logprob": -35.5424690246582}
{"sentence": "Whose tumor is the source of the antigen?", "score": -19.675930289129678, "sum_logprob": -31.18424797058106}
{"sentence": "Why do you think tumor cells are the source of the antigen?", "score": -22.859942224079273, "sum_logprob": -38.75259017944336}
{"sentence": "How do we know tumor cells are the source of the antigen?", "score": -21.211397277455553, "sum_logprob": -35.95794677734375}
{"sentence": "What do you think of Darwin's theory of evolution published in 1859?", "score": -17.48234793798745, "sum_logprob": -30.438535690307614}
{"sentence": "When it was first published, Darwin's theory of evolution was considered by many to be the most important scientific discovery of the 20th century. Since then,", "score": -22.25653839111328, "sum_logprob": -44.51307678222656}
{"sentence": "Where is Darwin's theory of evolution published?", "score": -16.70774056536114, "sum_logprob": -26.479984283447266}
{"sentence": "Which is why Darwin published his theory of evolution in 1859.", "score": -19.100726219554904, "sum_logprob": -32.82979202270508}
{"sentence": "Who did Darwin published his theory of evolution?", "score": -17.717462703209854, "sum_logprob": -28.080286026000977}
{"sentence": "Whom did Darwin published his theory of evolution?", "score": -16.981196973970256, "sum_logprob": -26.913383483886722}
{"sentence": "Whose is Darwinian evolution published?", "score": -20.59706501705806, "sum_logprob": -31.21931266784668}
{"sentence": "Why do you think Darwin published his theory of evolution?", "score": -15.583034330126514, "sum_logprob": -25.614641189575195}
{"sentence": "How did Darwin's theory of evolution come to be published?", "score": -16.80986095144824, "sum_logprob": -28.077135086059567}
{"sentence": "What do you think of the new look of the archipelago island electors?", "score": -30.533470819308768, "sum_logprob": -53.810367584228516}
{"sentence": "When the island was first discovered, the electors of the archipelago voted in a referendum to decide whether they wanted to remain part of the British Empire.", "score": -30.734472274780273, "sum_logprob": -61.46894454956055}
{"sentence": "Where are the electors of the island of Svalbard, the archipelago off the coast of Norway?", "score": -24.439012911581028, "sum_logprob": -45.7540168762207}
{"sentence": "Which is not to say that the electors of an island or archipelago?", "score": -27.67576238120423, "sum_logprob": -48.774112701416016}
{"sentence": "Who are the electors for the island of Guam, the U.S. territory in the Pacific archipelago?", "score": -24.405393061372838, "sum_logprob": -46.0816535949707}
{"sentence": "Whom do you think will be the electors for the island of archipelago?", "score": -25.775656753696566, "sum_logprob": -45.425479888916016}
{"sentence": "Whose electors will be chosen by the people of the island of archipelago?", "score": -27.434181963296712, "sum_logprob": -48.348365783691406}
{"sentence": "Why do you think the electors in the island of archipelago voted for Trump?", "score": -26.654844745625322, "sum_logprob": -47.514991760253906}
{"sentence": "How many electors are there in each island of the archipelago?", "score": -22.655692406954888, "sum_logprob": -38.93996810913086}
{"sentence": "What is the primary purpose of EU law?", "score": -15.04662881337398, "sum_logprob": -23.847299575805664}
{"sentence": "When is EU law primary?", "score": -21.1276215648821, "sum_logprob": -31.1795768737793}
{"sentence": "Where is the EU's primary law?", "score": -17.618635844576797, "sum_logprob": -27.34140205383301}
{"sentence": "Which is the primary purpose of EU law?", "score": -17.84404577656736, "sum_logprob": -28.280906677246094}
{"sentence": "Who are the primary beneficiaries of EU law?", "score": -15.402022498439804, "sum_logprob": -24.410560607910156}
{"sentence": "Whom is EU law primary?", "score": -19.205815904292756, "sum_logprob": -28.343427658081055}
{"sentence": "Whose primary responsibility is it to enforce EU law?", "score": -16.398304472468826, "sum_logprob": -26.489727020263675}
{"sentence": "Why does the EU want to change the primary law of the EU?", "score": -18.247483376422206, "sum_logprob": -31.363262176513672}
{"sentence": "How do EU law and primary legislation differ?", "score": -19.815623808102508, "sum_logprob": -31.40564727783203}
{"sentence": "What requests are made by the British government?", "score": -18.95537808002954, "sum_logprob": -30.042249679565433}
{"sentence": "When requests for comment were made to the British Embassy in Washington, D.C., and the U.S. State Department, both declined to comment.", "score": -19.99258804321289, "sum_logprob": -39.98517608642578}
{"sentence": "Where are British requests made?", "score": -20.436019985783453, "sum_logprob": -30.1589298248291}
{"sentence": "Which requests are made by the British government?", "score": -19.851889943463053, "sum_logprob": -31.463125228881836}
{"sentence": "Who are the requests made by the British government?", "score": -19.417475452148036, "sum_logprob": -31.36687850952148}
{"sentence": "Whom are British requests made?", "score": -21.07353811021185, "sum_logprob": -31.099761962890625}
{"sentence": "Whose requests are made on behalf of the British people?", "score": -18.88238814104083, "sum_logprob": -31.037960052490234}
{"sentence": "Why are requests being made to the British government?", "score": -20.198527689552904, "sum_logprob": -32.62858581542969}
{"sentence": "How many requests were made to the British government?", "score": -19.685256154471436, "sum_logprob": -31.799449920654293}
{"sentence": "What are the strongest regions in Victoria?", "score": -20.275882361266895, "sum_logprob": -31.465038299560547}
{"sentence": "When the regions were strongest in Victoria, South Australia and Western Australia, they were weakest in Queensland and New South Wales.", "score": -28.52609789980263, "sum_logprob": -54.73146057128906}
{"sentence": "Where are the strongest regions in Victoria?", "score": -19.487783839928365, "sum_logprob": -30.24203109741211}
{"sentence": "Which are the strongest regions in Victoria?", "score": -18.627632724710114, "sum_logprob": -28.907209396362305}
{"sentence": "Who are the strongest regions in Victoria?", "score": -19.406911338952778, "sum_logprob": -30.116529464721676}
{"sentence": "Whom do you consider Victoria's strongest regions?", "score": -23.58402367246778, "sum_logprob": -37.37815856933594}
{"sentence": "Whose regions are the strongest in Victoria?", "score": -20.621124694570387, "sum_logprob": -32.00080108642578}
{"sentence": "Why do you think the strongest regions are in Victoria?", "score": -22.669798708452866, "sum_logprob": -37.26352310180664}
{"sentence": "How does Victoria compare to the strongest regions in the country?", "score": -23.104811157356668, "sum_logprob": -38.59144973754883}
{"sentence": "What is Carnegie Mellon's foundation doing to support women in science?", "score": -21.040784118949926, "sum_logprob": -35.66872024536133}
{"sentence": "When the foundation is built, support will be provided by the Carnegie Corporation of New York.", "score": -23.335347113281845, "sum_logprob": -42.483497619628906}
{"sentence": "Where is the Carnegie foundation's support?", "score": -21.216810108905346, "sum_logprob": -32.92521286010742}
{"sentence": "Which is the foundation of the Carnegie Foundation's support?", "score": -23.135317736426202, "sum_logprob": -38.02872085571289}
{"sentence": "Who are the Carnegie Endowment for International Peace foundation to support?", "score": -20.68539010721899, "sum_logprob": -35.06624984741211}
{"sentence": "Whom did Carnegie's foundation support?", "score": -19.08075012355702, "sum_logprob": -28.921009063720703}
{"sentence": "Whose idea was it to support the Carnegie foundation?", "score": -21.00498929198828, "sum_logprob": -33.931339263916016}
{"sentence": "Why does Carnegie Mellon support the foundation?", "score": -21.43243815532178, "sum_logprob": -33.25983428955078}
{"sentence": "How do you support the Carnegie foundation?", "score": -20.062582200028775, "sum_logprob": -31.134029388427738}
{"sentence": "What is the past decade of Warsaw's improvements?", "score": -25.715510095685858, "sum_logprob": -41.540687561035156}
{"sentence": "When improvements are made in the past decade to Warsaw?", "score": -31.082995959819645, "sum_logprob": -51.09273147583008}
{"sentence": "Where are the improvements Warsaw has made over the past decade?", "score": -22.242465183776442, "sum_logprob": -37.151092529296875}
{"sentence": "Which is why the past decade has seen significant improvements. In Warsaw, for example, the number of people living on less than $1.25 a day", "score": -29.297882080078125, "sum_logprob": -58.59576416015625}
{"sentence": "Who are the improvements Warsaw has made over the past decade?", "score": -22.40891364001372, "sum_logprob": -37.429107666015625}
{"sentence": "Whom do you think the past decade of Warsaw's improvements have benefited the most?", "score": -28.799218362130112, "sum_logprob": -50.754024505615234}
{"sentence": "Whose improvements are Warsaw's priorities over the past decade?", "score": -27.902886841888296, "sum_logprob": -45.865421295166016}
{"sentence": "Why do you think improvements in the past decade have been the result of the Warsaw Pact?", "score": -26.834364477916704, "sum_logprob": -48.355072021484375}
{"sentence": "How did Warsaw get improvements in the past decade?", "score": -25.633602676904886, "sum_logprob": -41.40837478637695}
{"sentence": "What is the period between the end of the Jurassic and the beginning of the Cretaceous?", "score": -17.212424939305233, "sum_logprob": -31.33632469177246}
{"sentence": "When you are at the end of a Jurassic period?", "score": -24.269133849858843, "sum_logprob": -39.892433166503906}
{"sentence": "Where is the end of the Jurassic period?", "score": -17.454197156861667, "sum_logprob": -27.66303825378418}
{"sentence": "Which is the end of the Jurassic period?", "score": -17.503576144748795, "sum_logprob": -27.74129867553711}
{"sentence": "Who will end the Jurassic period?", "score": -19.01465241340415, "sum_logprob": -28.820823669433594}
{"sentence": "Whom do you think will end the Jurassic period?", "score": -18.813214303312797, "sum_logprob": -30.390758514404297}
{"sentence": "Whose period will Jurassic Park end?", "score": -20.7138150713657, "sum_logprob": -31.39627265930176}
{"sentence": "Why did Jurassic Park take place at the end of the Cretaceous period?", "score": -17.89002055845276, "sum_logprob": -31.52830505371094}
{"sentence": "How did you end up working on the Jurassic period?", "score": -19.009117174701466, "sum_logprob": -31.24627113342285}
{"sentence": "What year were you born and where did you get your first pair of jean shorts?", "score": -19.428608677672944, "sum_logprob": -35.01002502441406}
{"sentence": "When I was a kid, I was born in the year of the jean?", "score": -25.62997528789008, "sum_logprob": -45.68805694580078}
{"sentence": "Where I was born in the year 2000, I have a jean jacket?", "score": -27.046738117275066, "sum_logprob": -47.665557861328125}
{"sentence": "Which is the year I was born. I've been in the same jean shop since I was a kid.\"", "score": -28.78491078374561, "sum_logprob": -54.7965087890625}
{"sentence": "Who jean was born in this year?", "score": -23.352912053598043, "sum_logprob": -37.011871337890625}
{"sentence": "Whom do you think is the most likely to be born this year with a jean?", "score": -25.350414294587353, "sum_logprob": -45.6810188293457}
{"sentence": "Whose fault is it that I was born in the same year as the guy in the jean jacket?", "score": -24.123629393012212, "sum_logprob": -44.763824462890625}
{"sentence": "Why do you think it is that you were born in the same year as the first jean?", "score": -25.091563169437688, "sum_logprob": -46.12873840332031}
{"sentence": "How many year's ago do you think you were born, jean?", "score": -23.717097515570163, "sum_logprob": -41.29386520385742}
{"sentence": "What is the efficient trial division?", "score": -20.0721138470049, "sum_logprob": -30.423635482788086}
{"sentence": "When the trial is over, the efficient division of labor?", "score": -26.496221291892617, "sum_logprob": -44.256046295166016}
{"sentence": "Where is the efficient trial division?", "score": -21.284922390958084, "sum_logprob": -32.26190948486328}
{"sentence": "Which trial is the most efficient division of labor?", "score": -21.264722121075252, "sum_logprob": -34.35091018676758}
{"sentence": "Who is the most efficient player in the trial division?", "score": -21.34503327689365, "sum_logprob": -35.0859375}
{"sentence": "Whom do you think is efficient in the trial division?", "score": -23.531078067832123, "sum_logprob": -38.67925262451172}
{"sentence": "Whose division of labor will be the most efficient in this trial?", "score": -23.084658604336056, "sum_logprob": -39.1335334777832}
{"sentence": "Why is trial division so efficient?", "score": -20.091412375027296, "sum_logprob": -30.4528865814209}
{"sentence": "How efficient is trial division?", "score": -19.62663574188986, "sum_logprob": -28.964462280273438}
{"sentence": "What is force mass acceleration?", "score": -17.369207904934186, "sum_logprob": -25.633010864257812}
{"sentence": "When the mass is released, the force of gravity is equal to the mass times the acceleration due to gravity. If the mass of the object is less than", "score": -23.80083656311035, "sum_logprob": -47.6016731262207}
{"sentence": "Where is the mass of the acceleration force?", "score": -17.420585844617275, "sum_logprob": -27.60976791381836}
{"sentence": "Which is the mass of the acceleration force?", "score": -19.75154099934811, "sum_logprob": -31.3040828704834}
{"sentence": "Who is force mass acceleration?", "score": -20.794688956674467, "sum_logprob": -30.688243865966797}
{"sentence": "Whom can force the acceleration of a moving mass?", "score": -21.08005790769041, "sum_logprob": -34.05260467529297}
{"sentence": "Whose mass is the force and whose is the acceleration?", "score": -18.51574827686695, "sum_logprob": -30.435295104980472}
{"sentence": "Why does the force of the acceleration depend on the mass of the object?", "score": -18.880936079761998, "sum_logprob": -32.873619079589844}
{"sentence": "How much mass does the acceleration force have?", "score": -18.252499820287458, "sum_logprob": -28.928262710571293}
{"sentence": "What is the Amazon forest and how small is it?", "score": -19.596201621449293, "sum_logprob": -32.2112922668457}
{"sentence": "When I was a small child playing in the Amazon rain forest?", "score": -24.42523396207148, "sum_logprob": -41.40610122680664}
{"sentence": "Where is the small Amazon forest?", "score": -19.010073165655484, "sum_logprob": -28.813882827758786}
{"sentence": "Which is a small price to pay to save the Amazon rain forest.", "score": -19.43513930432206, "sum_logprob": -33.83854293823242}
{"sentence": "Who are the Amazon rain forest's smallholder farmers?", "score": -19.5044795759909, "sum_logprob": -32.060523986816406}
{"sentence": "Whom is Amazon forest so small?", "score": -22.813560607680518, "sum_logprob": -34.57889175415039}
{"sentence": "Whose forest is small in comparison to the Amazon?", "score": -22.91814917622512, "sum_logprob": -37.021846771240234}
{"sentence": "Why are small forest fires so common in the Amazon?", "score": -18.049041037288355, "sum_logprob": -29.66814422607422}
{"sentence": "How small is the Amazon rain forest?", "score": -15.909900524073288, "sum_logprob": -24.689708709716797}
{"sentence": "What does it mean for schools to be funded by the government and not by catholic schools?", "score": -24.110668252341327, "sum_logprob": -43.89501953125}
{"sentence": "When I was a kid, I used to go to government schools. I went to a catholic school, a public school, and a private school.", "score": -25.115236282348633, "sum_logprob": -50.230472564697266}
{"sentence": "Where are the government schools, where are the catholic schools?", "score": -18.99654959049595, "sum_logprob": -32.20329666137695}
{"sentence": "Which is to say, the government schools and the catholic schools?", "score": -24.32458313606205, "sum_logprob": -41.80841064453125}
{"sentence": "Who are the government schools and the catholic schools?", "score": -20.03299702630094, "sum_logprob": -32.92927551269531}
{"sentence": "Whom do you think is in charge of our schools, the state government or the catholic church?", "score": -22.185380562948378, "sum_logprob": -40.78596496582031}
{"sentence": "Whose side are you on, the government schools or the catholic schools?", "score": -21.58644006131023, "sum_logprob": -37.58417510986328}
{"sentence": "Why do you think the government schools are better than the catholic schools?", "score": -20.903896490336248, "sum_logprob": -36.39579772949219}
{"sentence": "How do you feel about government schools, private schools, catholic schools?", "score": -21.756494251986823, "sum_logprob": -37.88025665283203}
